1539113769189	mozrunner::runner	INFO	Running command: "/usr/bin/firefox" "-marionette" "--headless" "-foreground" "-no-remote" "-profile" "/tmp/rust_mozprofile.OS7eRSuU2WBP"
*** You are running in headless mode.
1539113771251	Marionette	INFO	Listening on port 36083
1539113771301	Marionette	WARN	TLS certificate errors will be ignored for this session
1539113771365	Marionette	DEBUG	[2147483649] Frame script loaded
1539113771372	Marionette	DEBUG	[2147483649] Frame script registered
1539113771394	Marionette	DEBUG	[2147483649] Received DOM event beforeunload for about:blank
1539113771962	Marionette	DEBUG	[2147483649] Received DOM event pagehide for about:blank
1539113772520	Marionette	DEBUG	[2147483649] Received DOM event DOMContentLoaded for https://www.google.com/search?q=cancer&gws_rd=ssl
1539113773188	Marionette	DEBUG	[2147483649] Received DOM event pageshow for https://www.google.com/search?q=cancer&gws_rd=ssl
1539113773247	Marionette	DEBUG	[2147483649] Received DOM event beforeunload for https://www.google.com/search?q=cancer&gws_rd=ssl
1539113773362	Marionette	DEBUG	[2147483649] Received DOM event pagehide for https://www.google.com/search?q=cancer&gws_rd=ssl
1539113773364	Marionette	DEBUG	[2147483649] Received DOM event unload for https://www.google.com/search?q=cancer&gws_rd=ssl
1539113774004	Marionette	DEBUG	[2147483649] Received DOM event DOMContentLoaded for https://www.google.com/search?q=Breast+cancer&stick=H4sIAAAAAAAAAONgFuLQz9U3KEwuMlACs7IsMlIeMTpyC7z8cU9YymLSmpPXGI24uIIz8std80oySyqFVLjYoCwpLh4puCYNBikuLjiPBwDVkS3dWgAAAA&sa=X&ved=2ahUKEwjbwpHNjfrdAhUQeysKHTiwC_4Q0EAwF3oECAkQFA&biw=1366&bih=694
1539113774619	Marionette	DEBUG	[2147483649] Received DOM event pageshow for https://www.google.com/search?q=Breast+cancer&stick=H4sIAAAAAAAAAONgFuLQz9U3KEwuMlACs7IsMlIeMTpyC7z8cU9YymLSmpPXGI24uIIz8std80oySyqFVLjYoCwpLh4puCYNBikuLjiPBwDVkS3dWgAAAA&sa=X&ved=2ahUKEwjbwpHNjfrdAhUQeysKHTiwC_4Q0EAwF3oECAkQFA&biw=1366&bih=694
1539113775859	Marionette	DEBUG	[2147483649] Canceled page load listener because no navigation has been detected
1539113778114	Marionette	DEBUG	[2147483649] Canceled page load listener because no navigation has been detected
1539113778617	Marionette	DEBUG	[2147483649] Canceled page load listener because no navigation has been detected
1539113779031	Marionette	DEBUG	[2147483649] Canceled page load listener because no navigation has been detected
1539113779482	Marionette	DEBUG	[2147483649] Canceled page load listener because no navigation has been detected
[Child 3760, Chrome_ChildThread] WARNING: pipe error (16): Connection reset by peer: file /build/firefox-IVlCbR/firefox-62.0.3+build1/ipc/chromium/src/chrome/common/ipc_channel_posix.cc, line 353
[Child 3760, Chrome_ChildThread] WARNING: pipe error (3): Connection reset by peer: file /build/firefox-IVlCbR/firefox-62.0.3+build1/ipc/chromium/src/chrome/common/ipc_channel_posix.cc, line 353
1539114348556	mozrunner::runner	INFO	Running command: "/usr/bin/firefox" "-marionette" "--headless" "-foreground" "-no-remote" "-profile" "/tmp/rust_mozprofile.QHiiEnx9JEYd"
*** You are running in headless mode.
1539114350671	Marionette	INFO	Listening on port 35321
1539114350784	Marionette	WARN	TLS certificate errors will be ignored for this session
1539114350876	Marionette	DEBUG	[2147483649] Frame script loaded
1539114350878	Marionette	DEBUG	[2147483649] Frame script registered
1539114350903	Marionette	DEBUG	[2147483649] Received DOM event beforeunload for about:blank
1539114351320	Marionette	DEBUG	[2147483649] Received DOM event pagehide for about:blank
1539114351911	Marionette	DEBUG	[2147483649] Received DOM event DOMContentLoaded for https://www.google.com/search?q=malaria&gws_rd=ssl
1539114352591	Marionette	DEBUG	[2147483649] Received DOM event pageshow for https://www.google.com/search?q=malaria&gws_rd=ssl
1539114352852	Marionette	DEBUG	[2147483649] Canceled page load listener because no navigation has been detected
1539114355110	Marionette	DEBUG	[2147483649] Canceled page load listener because no navigation has been detected
1539114355496	Marionette	DEBUG	[2147483649] Canceled page load listener because no navigation has been detected
1539114355673	Marionette	INFO	Stopped listening on port 35321
1539114356418	mozrunner::runner	INFO	Running command: "/usr/bin/firefox" "-marionette" "--headless" "-foreground" "-no-remote" "-profile" "/tmp/rust_mozprofile.Nke6z1bZcNaa"
*** You are running in headless mode.
1539114358402	Marionette	INFO	Listening on port 37685
1539114358432	Marionette	WARN	TLS certificate errors will be ignored for this session
1539114358528	Marionette	DEBUG	[2147483649] Frame script loaded
1539114358530	Marionette	DEBUG	[2147483649] Frame script registered
1539114358583	Marionette	DEBUG	[2147483649] Received DOM event beforeunload for about:blank
1539114358976	Marionette	DEBUG	[2147483649] Received DOM event pagehide for about:blank
1539114359501	Marionette	DEBUG	[2147483649] Received DOM event DOMContentLoaded for https://www.google.com/search?q=malaria&gws_rd=ssl
1539114360197	Marionette	DEBUG	[2147483649] Received DOM event pageshow for https://www.google.com/search?q=malaria&gws_rd=ssl
1539114360458	Marionette	DEBUG	[2147483649] Canceled page load listener because no navigation has been detected
1539114362714	Marionette	DEBUG	[2147483649] Canceled page load listener because no navigation has been detected
1539114363082	Marionette	DEBUG	[2147483649] Canceled page load listener because no navigation has been detected
1539114363212	Marionette	INFO	Stopped listening on port 37685
1539114471823	mozrunner::runner	INFO	Running command: "/usr/bin/firefox" "-marionette" "--headless" "-foreground" "-no-remote" "-profile" "/tmp/rust_mozprofile.5prVUqWxvLoY"
*** You are running in headless mode.
1539114473803	Marionette	INFO	Listening on port 44231
1539114473852	Marionette	WARN	TLS certificate errors will be ignored for this session
1539114473944	Marionette	DEBUG	[2147483649] Frame script loaded
1539114473962	Marionette	DEBUG	[2147483649] Frame script registered
1539114474001	Marionette	DEBUG	[2147483649] Received DOM event beforeunload for about:blank
1539114474422	Marionette	DEBUG	[2147483649] Received DOM event pagehide for about:blank
1539114474963	Marionette	DEBUG	[2147483649] Received DOM event DOMContentLoaded for https://www.google.com/search?q=malaria&gws_rd=ssl
1539114475646	Marionette	DEBUG	[2147483649] Received DOM event pageshow for https://www.google.com/search?q=malaria&gws_rd=ssl
1539114475903	Marionette	DEBUG	[2147483649] Canceled page load listener because no navigation has been detected
1539114478157	Marionette	DEBUG	[2147483649] Canceled page load listener because no navigation has been detected
1539114478557	Marionette	DEBUG	[2147483649] Canceled page load listener because no navigation has been detected
1539114478733	Marionette	INFO	Stopped listening on port 44231
1539114480481	mozrunner::runner	INFO	Running command: "/usr/bin/firefox" "-marionette" "--headless" "-foreground" "-no-remote" "-profile" "/tmp/rust_mozprofile.p9IvU7bWIs5L"
*** You are running in headless mode.
1539114482639	Marionette	INFO	Listening on port 39267
1539114482694	Marionette	WARN	TLS certificate errors will be ignored for this session
1539114482786	Marionette	DEBUG	[2147483649] Frame script loaded
1539114482789	Marionette	DEBUG	[2147483649] Frame script registered
1539114482829	Marionette	DEBUG	[2147483649] Received DOM event beforeunload for about:blank
1539114483232	Marionette	DEBUG	[2147483649] Received DOM event pagehide for about:blank
1539114483678	Marionette	DEBUG	[2147483649] Received DOM event DOMContentLoaded for https://www.google.com/search?q=malaria&gws_rd=ssl
1539114484370	Marionette	DEBUG	[2147483649] Received DOM event pageshow for https://www.google.com/search?q=malaria&gws_rd=ssl
1539114484638	Marionette	DEBUG	[2147483649] Canceled page load listener because no navigation has been detected
1539114486896	Marionette	DEBUG	[2147483649] Canceled page load listener because no navigation has been detected
1539114487268	Marionette	DEBUG	[2147483649] Canceled page load listener because no navigation has been detected
1539114487409	Marionette	INFO	Stopped listening on port 39267
1539114716248	mozrunner::runner	INFO	Running command: "/usr/bin/firefox" "-marionette" "--headless" "-foreground" "-no-remote" "-profile" "/tmp/rust_mozprofile.pvtwQd1NJKWT"
*** You are running in headless mode.
1539114718126	Marionette	INFO	Listening on port 34993
1539114718187	Marionette	WARN	TLS certificate errors will be ignored for this session
1539114718283	Marionette	DEBUG	[2147483649] Frame script loaded
1539114718302	Marionette	DEBUG	[2147483649] Frame script registered
1539114718354	Marionette	DEBUG	[2147483649] Received DOM event beforeunload for about:blank
1539114718877	Marionette	DEBUG	[2147483649] Received DOM event pagehide for about:blank
1539114719558	Marionette	DEBUG	[2147483649] Received DOM event DOMContentLoaded for https://www.google.com/search?q=malaria&gws_rd=ssl
1539114720253	Marionette	DEBUG	[2147483649] Received DOM event pageshow for https://www.google.com/search?q=malaria&gws_rd=ssl
1539114720516	Marionette	DEBUG	[2147483649] Canceled page load listener because no navigation has been detected
1539114722761	Marionette	DEBUG	[2147483649] Canceled page load listener because no navigation has been detected
1539114723151	Marionette	DEBUG	[2147483649] Canceled page load listener because no navigation has been detected
1539114723335	Marionette	INFO	Stopped listening on port 34993
1539114821448	mozrunner::runner	INFO	Running command: "/usr/bin/firefox" "-marionette" "--headless" "-foreground" "-no-remote" "-profile" "/tmp/rust_mozprofile.PZ0HJmUR06FB"
*** You are running in headless mode.
1539114823440	Marionette	INFO	Listening on port 43589
1539114823477	Marionette	WARN	TLS certificate errors will be ignored for this session
1539114823582	Marionette	DEBUG	[2147483649] Frame script loaded
1539114823592	Marionette	DEBUG	[2147483649] Frame script registered
1539114826585	Marionette	DEBUG	[2147483649] Received DOM event beforeunload for about:blank
1539114827111	Marionette	DEBUG	[2147483649] Received DOM event pagehide for about:blank
1539114827650	Marionette	DEBUG	[2147483649] Received DOM event DOMContentLoaded for https://www.google.com/search?q=malaria&gws_rd=ssl
1539114828305	Marionette	DEBUG	[2147483649] Received DOM event pageshow for https://www.google.com/search?q=malaria&gws_rd=ssl
1539114828563	Marionette	DEBUG	[2147483649] Canceled page load listener because no navigation has been detected
1539114830815	Marionette	DEBUG	[2147483649] Canceled page load listener because no navigation has been detected
1539114831282	Marionette	DEBUG	[2147483649] Canceled page load listener because no navigation has been detected
1539114831446	Marionette	INFO	Stopped listening on port 43589
1539114933198	mozrunner::runner	INFO	Running command: "/usr/bin/firefox" "-marionette" "--headless" "-foreground" "-no-remote" "-profile" "/tmp/rust_mozprofile.RmXnW8AI91Me"
*** You are running in headless mode.
1539114935301	Marionette	INFO	Listening on port 40159
1539114935317	Marionette	WARN	TLS certificate errors will be ignored for this session
1539114935422	Marionette	DEBUG	[2147483649] Frame script loaded
1539114935425	Marionette	DEBUG	[2147483649] Frame script registered
1539114943420	Marionette	DEBUG	[2147483649] Received DOM event beforeunload for about:blank
1539114943793	Marionette	DEBUG	[2147483649] Received DOM event pagehide for about:blank
1539114944433	Marionette	DEBUG	[2147483649] Received DOM event DOMContentLoaded for https://www.google.com/search?q=cancer&gws_rd=ssl
1539114945149	Marionette	DEBUG	[2147483649] Received DOM event pageshow for https://www.google.com/search?q=cancer&gws_rd=ssl
1539114945230	Marionette	DEBUG	[2147483649] Received DOM event beforeunload for https://www.google.com/search?q=cancer&gws_rd=ssl
1539114945340	Marionette	DEBUG	[2147483649] Received DOM event pagehide for https://www.google.com/search?q=cancer&gws_rd=ssl
1539114945343	Marionette	DEBUG	[2147483649] Received DOM event unload for https://www.google.com/search?q=cancer&gws_rd=ssl
1539114946036	Marionette	DEBUG	[2147483649] Received DOM event DOMContentLoaded for https://www.google.com/search?q=Breast+cancer&stick=H4sIAAAAAAAAAONgFuLQz9U3KEwuMlACs7IsMlIeMTpyC7z8cU9YymLSmpPXGI24uIIz8std80oySyqFVLjYoCwpLh4puCYNBikuLjiPBwDVkS3dWgAAAA&sa=X&ved=2ahUKEwiP1vT7kfrdAhWUaCsKHcvyBcUQ0EAwF3oECAgQFA&biw=1366&bih=694
1539114946625	Marionette	DEBUG	[2147483649] Received DOM event pageshow for https://www.google.com/search?q=Breast+cancer&stick=H4sIAAAAAAAAAONgFuLQz9U3KEwuMlACs7IsMlIeMTpyC7z8cU9YymLSmpPXGI24uIIz8std80oySyqFVLjYoCwpLh4puCYNBikuLjiPBwDVkS3dWgAAAA&sa=X&ved=2ahUKEwiP1vT7kfrdAhWUaCsKHcvyBcUQ0EAwF3oECAgQFA&biw=1366&bih=694
1539114947929	Marionette	DEBUG	[2147483649] Canceled page load listener because no navigation has been detected
1539114950191	Marionette	DEBUG	[2147483649] Canceled page load listener because no navigation has been detected
1539114950641	Marionette	DEBUG	[2147483649] Canceled page load listener because no navigation has been detected
1539114951006	Marionette	DEBUG	[2147483649] Canceled page load listener because no navigation has been detected
1539114951394	Marionette	DEBUG	[2147483649] Canceled page load listener because no navigation has been detected
1539114951578	Marionette	INFO	Stopped listening on port 40159
1539115037044	mozrunner::runner	INFO	Running command: "/usr/bin/firefox" "-marionette" "--headless" "-foreground" "-no-remote" "-profile" "/tmp/rust_mozprofile.vGyTnvo6eJEd"
*** You are running in headless mode.
1539115039289	Marionette	INFO	Listening on port 41643
1539115039354	Marionette	WARN	TLS certificate errors will be ignored for this session
1539115039421	Marionette	DEBUG	[2147483649] Frame script loaded
1539115039423	Marionette	DEBUG	[2147483649] Frame script registered
1539115097613	mozrunner::runner	INFO	Running command: "/usr/bin/firefox" "-marionette" "--headless" "-foreground" "-no-remote" "-profile" "/tmp/rust_mozprofile.MH92u6ToiSmf"
*** You are running in headless mode.
1539115099850	Marionette	INFO	Listening on port 40469
1539115099925	Marionette	WARN	TLS certificate errors will be ignored for this session
1539115100019	Marionette	DEBUG	[2147483649] Frame script loaded
1539115100063	Marionette	DEBUG	[2147483649] Frame script registered
1539115109070	Marionette	DEBUG	[2147483649] Received DOM event beforeunload for about:blank
1539115109428	Marionette	DEBUG	[2147483649] Received DOM event pagehide for about:blank
1539115110132	Marionette	DEBUG	[2147483649] Received DOM event DOMContentLoaded for https://www.google.com/search?q=aids&gws_rd=ssl
1539115111108	Marionette	DEBUG	[2147483649] Received DOM event pageshow for https://www.google.com/search?q=aids&gws_rd=ssl
1539115111394	Marionette	DEBUG	[2147483649] Canceled page load listener because no navigation has been detected
1539115113659	Marionette	DEBUG	[2147483649] Canceled page load listener because no navigation has been detected
1539115114041	Marionette	DEBUG	[2147483649] Canceled page load listener because no navigation has been detected
1539115114204	Marionette	INFO	Stopped listening on port 40469
1539115387328	mozrunner::runner	INFO	Running command: "/usr/bin/firefox" "-marionette" "--headless" "-foreground" "-no-remote" "-profile" "/tmp/rust_mozprofile.iQUNDwHUufim"
*** You are running in headless mode.
1539115389409	Marionette	INFO	Listening on port 42531
1539115389444	Marionette	WARN	TLS certificate errors will be ignored for this session
1539115389525	Marionette	DEBUG	[2147483649] Frame script loaded
1539115389527	Marionette	DEBUG	[2147483649] Frame script registered
1539115399022	Marionette	DEBUG	[2147483649] Received DOM event beforeunload for about:blank
1539115399798	Marionette	DEBUG	[2147483649] Received DOM event pagehide for about:blank
1539115400607	Marionette	DEBUG	[2147483649] Received DOM event DOMContentLoaded for https://www.google.com/search?q=cancer&gws_rd=ssl
1539115401495	Marionette	DEBUG	[2147483649] Received DOM event pageshow for https://www.google.com/search?q=cancer&gws_rd=ssl
1539115401576	Marionette	DEBUG	[2147483649] Received DOM event beforeunload for https://www.google.com/search?q=cancer&gws_rd=ssl
1539115401704	Marionette	DEBUG	[2147483649] Received DOM event pagehide for https://www.google.com/search?q=cancer&gws_rd=ssl
1539115401708	Marionette	DEBUG	[2147483649] Received DOM event unload for https://www.google.com/search?q=cancer&gws_rd=ssl
1539115402731	Marionette	DEBUG	[2147483649] Received DOM event DOMContentLoaded for https://www.google.com/search?q=Breast+cancer&stick=H4sIAAAAAAAAAONgFuLQz9U3KEwuMlACs7IsMlIeMTpyC7z8cU9YymLSmpPXGI24uIIz8std80oySyqFVLjYoCwpLh4puCYNBikuLjiPBwDVkS3dWgAAAA&sa=X&ved=2ahUKEwjD4KvVk_rdAhVLMY8KHe0eAqEQ0EAwG3oECAcQFA&biw=1366&bih=694
1539115403387	Marionette	DEBUG	[2147483649] Received DOM event pageshow for https://www.google.com/search?q=Breast+cancer&stick=H4sIAAAAAAAAAONgFuLQz9U3KEwuMlACs7IsMlIeMTpyC7z8cU9YymLSmpPXGI24uIIz8std80oySyqFVLjYoCwpLh4puCYNBikuLjiPBwDVkS3dWgAAAA&sa=X&ved=2ahUKEwjD4KvVk_rdAhVLMY8KHe0eAqEQ0EAwG3oECAcQFA&biw=1366&bih=694
1539115404622	Marionette	DEBUG	[2147483649] Canceled page load listener because no navigation has been detected
1539115406880	Marionette	DEBUG	[2147483649] Canceled page load listener because no navigation has been detected
1539115407344	Marionette	DEBUG	[2147483649] Canceled page load listener because no navigation has been detected
1539115407695	Marionette	DEBUG	[2147483649] Canceled page load listener because no navigation has been detected
1539115408119	Marionette	DEBUG	[2147483649] Canceled page load listener because no navigation has been detected
1539115413817	Marionette	DEBUG	[2147483649] Received DOM event beforeunload for https://www.google.com/search?q=Breast+cancer&stick=H4sIAAAAAAAAAONgFuLQz9U3KEwuMlACs7IsMlIeMTpyC7z8cU9YymLSmpPXGI24uIIz8std80oySyqFVLjYoCwpLh4puCYNBikuLjiPBwDVkS3dWgAAAA&sa=X&ved=2ahUKEwjD4KvVk_rdAhVLMY8KHe0eAqEQ0EAwG3oECAcQFA&biw=1366&bih=694
1539115413996	Marionette	DEBUG	[2147483649] Received DOM event pagehide for https://www.google.com/search?q=Breast+cancer&stick=H4sIAAAAAAAAAONgFuLQz9U3KEwuMlACs7IsMlIeMTpyC7z8cU9YymLSmpPXGI24uIIz8std80oySyqFVLjYoCwpLh4puCYNBikuLjiPBwDVkS3dWgAAAA&sa=X&ved=2ahUKEwjD4KvVk_rdAhVLMY8KHe0eAqEQ0EAwG3oECAcQFA&biw=1366&bih=694
1539115413998	Marionette	DEBUG	[2147483649] Received DOM event unload for https://www.google.com/search?q=Breast+cancer&stick=H4sIAAAAAAAAAONgFuLQz9U3KEwuMlACs7IsMlIeMTpyC7z8cU9YymLSmpPXGI24uIIz8std80oySyqFVLjYoCwpLh4puCYNBikuLjiPBwDVkS3dWgAAAA&sa=X&ved=2ahUKEwjD4KvVk_rdAhVLMY8KHe0eAqEQ0EAwG3oECAcQFA&biw=1366&bih=694
1539115414746	Marionette	DEBUG	[2147483649] Received DOM event DOMContentLoaded for https://www.google.com/search?q=aids
1539115415489	Marionette	DEBUG	[2147483649] Received DOM event pageshow for https://www.google.com/search?q=aids
1539115415751	Marionette	DEBUG	[2147483649] Canceled page load listener because no navigation has been detected
1539115418013	Marionette	DEBUG	[2147483649] Canceled page load listener because no navigation has been detected
1539115418396	Marionette	DEBUG	[2147483649] Canceled page load listener because no navigation has been detected
1539115424455	Marionette	DEBUG	[2147483649] Received DOM event beforeunload for https://www.google.com/search?q=aids
1539115424638	Marionette	DEBUG	[2147483649] Received DOM event pagehide for https://www.google.com/search?q=aids
1539115424641	Marionette	DEBUG	[2147483649] Received DOM event unload for https://www.google.com/search?q=aids
1539115425414	Marionette	DEBUG	[2147483649] Received DOM event DOMContentLoaded for https://www.google.com/search?q=mumps
1539115426041	Marionette	DEBUG	[2147483649] Received DOM event pageshow for https://www.google.com/search?q=mumps
1539115426321	Marionette	DEBUG	[2147483649] Canceled page load listener because no navigation has been detected
1539115428599	Marionette	DEBUG	[2147483649] Canceled page load listener because no navigation has been detected
1539115428949	Marionette	DEBUG	[2147483649] Canceled page load listener because no navigation has been detected
1539115429300	Marionette	DEBUG	[2147483649] Canceled page load listener because no navigation has been detected
1539115429662	Marionette	DEBUG	[2147483649] Canceled page load listener because no navigation has been detected
1539115442126	Marionette	DEBUG	[2147483649] Received DOM event beforeunload for https://www.google.com/search?q=mumps
1539115442321	Marionette	DEBUG	[2147483649] Received DOM event pagehide for https://www.google.com/search?q=mumps
1539115442325	Marionette	DEBUG	[2147483649] Received DOM event unload for https://www.google.com/search?q=mumps
1539115442899	Marionette	DEBUG	[2147483649] Received DOM event DOMContentLoaded for https://www.google.com/search?q=vitiligo
1539115443502	Marionette	DEBUG	[2147483649] Received DOM event pageshow for https://www.google.com/search?q=vitiligo
1539115443756	Marionette	DEBUG	[2147483649] Canceled page load listener because no navigation has been detected
1539115446015	Marionette	DEBUG	[2147483649] Canceled page load listener because no navigation has been detected
1539115446434	Marionette	DEBUG	[2147483649] Canceled page load listener because no navigation has been detected
1539115446765	Marionette	DEBUG	[2147483649] Canceled page load listener because no navigation has been detected
1539115447115	Marionette	DEBUG	[2147483649] Canceled page load listener because no navigation has been detected
1539115773400	mozrunner::runner	INFO	Running command: "/usr/bin/firefox" "-marionette" "--headless" "-foreground" "-no-remote" "-profile" "/tmp/rust_mozprofile.nUNdmrUfU76d"
*** You are running in headless mode.
1539115775500	Marionette	INFO	Listening on port 43619
1539115775518	Marionette	WARN	TLS certificate errors will be ignored for this session
1539115775593	Marionette	DEBUG	[2147483649] Frame script loaded
1539115775603	Marionette	DEBUG	[2147483649] Frame script registered
1539115839790	Marionette	DEBUG	[2147483649] Received DOM event beforeunload for about:blank
1539115840301	Marionette	DEBUG	[2147483649] Received DOM event pagehide for about:blank
1539115840966	Marionette	DEBUG	[2147483649] Received DOM event DOMContentLoaded for https://www.google.com/search?q=aids&gws_rd=ssl
1539115841731	Marionette	DEBUG	[2147483649] Received DOM event pageshow for https://www.google.com/search?q=aids&gws_rd=ssl
1539115841992	Marionette	DEBUG	[2147483649] Canceled page load listener because no navigation has been detected
1539115844254	Marionette	DEBUG	[2147483649] Canceled page load listener because no navigation has been detected
1539115844643	Marionette	DEBUG	[2147483649] Canceled page load listener because no navigation has been detected
1539201772249	mozrunner::runner	INFO	Running command: "/usr/bin/firefox" "-marionette" "--headless" "-foreground" "-no-remote" "-profile" "/tmp/rust_mozprofile.NkK4WhtRGerQ"
*** You are running in headless mode.
1539201773998	Marionette	INFO	Listening on port 40015
1539201774063	Marionette	WARN	TLS certificate errors will be ignored for this session
1539201774160	Marionette	DEBUG	[2147483649] Frame script loaded
1539201774162	Marionette	DEBUG	[2147483649] Frame script registered
1539201810758	mozrunner::runner	INFO	Running command: "/usr/bin/firefox" "-marionette" "--headless" "-foreground" "-no-remote" "-profile" "/tmp/rust_mozprofile.OMd9CYMHeQ5b"
*** You are running in headless mode.
1539201812596	Marionette	INFO	Listening on port 35193
1539201812671	Marionette	WARN	TLS certificate errors will be ignored for this session
1539201812758	Marionette	DEBUG	[2147483649] Frame script loaded
1539201812761	Marionette	DEBUG	[2147483649] Frame script registered
1539201822489	mozrunner::runner	INFO	Running command: "/usr/bin/firefox" "-marionette" "--headless" "-foreground" "-no-remote" "-profile" "/tmp/rust_mozprofile.yRpO5VZyXBq2"
*** You are running in headless mode.
1539201824479	Marionette	INFO	Listening on port 33919
1539201824514	Marionette	WARN	TLS certificate errors will be ignored for this session
1539201824614	Marionette	DEBUG	[2147483649] Frame script loaded
1539201824616	Marionette	DEBUG	[2147483649] Frame script registered
1539201826134	mozrunner::runner	INFO	Running command: "/usr/bin/firefox" "-marionette" "--headless" "-foreground" "-no-remote" "-profile" "/tmp/rust_mozprofile.Z2BZWSlF156b"
*** You are running in headless mode.
1539201828081	Marionette	INFO	Listening on port 35209
1539201828142	Marionette	WARN	TLS certificate errors will be ignored for this session
1539201828222	Marionette	DEBUG	[2147483649] Frame script loaded
1539201828223	Marionette	DEBUG	[2147483649] Frame script registered
1539201898344	mozrunner::runner	INFO	Running command: "/usr/bin/firefox" "-marionette" "--headless" "-foreground" "-no-remote" "-profile" "/tmp/rust_mozprofile.8SozAkd4nUeu"
*** You are running in headless mode.
1539201900277	Marionette	INFO	Listening on port 42779
1539201900352	Marionette	WARN	TLS certificate errors will be ignored for this session
1539201900448	Marionette	DEBUG	[2147483649] Frame script loaded
1539201900449	Marionette	DEBUG	[2147483649] Frame script registered
1539201955412	mozrunner::runner	INFO	Running command: "/usr/bin/firefox" "-marionette" "--headless" "-foreground" "-no-remote" "-profile" "/tmp/rust_mozprofile.tDvPbpLHwqqj"
*** You are running in headless mode.
1539201957265	Marionette	INFO	Listening on port 41339
1539201957329	Marionette	WARN	TLS certificate errors will be ignored for this session
1539201957410	Marionette	DEBUG	[2147483649] Frame script loaded
1539201957413	Marionette	DEBUG	[2147483649] Frame script registered
1539202284828	mozrunner::runner	INFO	Running command: "/usr/bin/firefox" "-marionette" "--headless" "-foreground" "-no-remote" "-profile" "/tmp/rust_mozprofile.Xe1mtxjIb7zR"
*** You are running in headless mode.
1539202286718	Marionette	INFO	Listening on port 38905
1539202286764	Marionette	WARN	TLS certificate errors will be ignored for this session
1539202286855	Marionette	DEBUG	[2147483649] Frame script loaded
1539202286858	Marionette	DEBUG	[2147483649] Frame script registered
[GFX1-]: Receive IPC close with reason=AbnormalShutdown
Sandbox: Unexpected EOF, op 0 flags 00 path /usr/share/locale/C.UTF-8/LC_MESSAGES/libc.mo
[Child 20436, Chrome_ChildThread] WARNING: pipe error (3): Connection reset by peer: file /build/firefox-IVlCbR/firefox-62.0.3+build1/ipc/chromium/src/chrome/common/ipc_channel_posix.cc, line 353
[GFX1-]: Receive IPC close with reason=AbnormalShutdown
Sandbox: Unexpected EOF, op 0 flags 00 path /usr/share/locale/C.UTF-8/LC_MESSAGES/libc.mo
[Child 20090, Chrome_ChildThread] WARNING: pipe error (3): Connection reset by peer: file /build/firefox-IVlCbR/firefox-62.0.3+build1/ipc/chromium/src/chrome/common/ipc_channel_posix.cc, line 353
[GFX1-]: Receive IPC close with reason=AbnormalShutdown
[Child 20183, Chrome_ChildThread] WARNING: pipe error (3): Connection reset by peer: file /build/firefox-IVlCbR/firefox-62.0.3+build1/ipc/chromium/src/chrome/common/ipc_channel_posix.cc, line 353
1539202371221	mozrunner::runner	INFO	Running command: "/usr/bin/firefox" "-marionette" "--headless" "-foreground" "-no-remote" "-profile" "/tmp/rust_mozprofile.1fUDaSazNdiq"
*** You are running in headless mode.
1539202373081	Marionette	INFO	Listening on port 39809
1539202373134	Marionette	WARN	TLS certificate errors will be ignored for this session
1539202373214	Marionette	DEBUG	[2147483649] Frame script loaded
1539202373216	Marionette	DEBUG	[2147483649] Frame script registered
1539202374659	mozrunner::runner	INFO	Running command: "/usr/bin/firefox" "-marionette" "--headless" "-foreground" "-no-remote" "-profile" "/tmp/rust_mozprofile.MErXT3jnouhZ"
*** You are running in headless mode.
1539202376433	Marionette	INFO	Listening on port 33181
1539202376470	Marionette	WARN	TLS certificate errors will be ignored for this session
1539202376561	Marionette	DEBUG	[2147483649] Frame script loaded
1539202376590	Marionette	DEBUG	[2147483649] Frame script registered
1539202688274	mozrunner::runner	INFO	Running command: "/usr/bin/firefox" "-marionette" "--headless" "-foreground" "-no-remote" "-profile" "/tmp/rust_mozprofile.lA4Eb2miek2r"
*** You are running in headless mode.
1539202690144	Marionette	INFO	Listening on port 41751
1539202690196	Marionette	WARN	TLS certificate errors will be ignored for this session
1539202690263	Marionette	DEBUG	[2147483649] Frame script loaded
1539202690273	Marionette	DEBUG	[2147483649] Frame script registered
1539202743261	mozrunner::runner	INFO	Running command: "/usr/bin/firefox" "-marionette" "--headless" "-foreground" "-no-remote" "-profile" "/tmp/rust_mozprofile.0nDFnPxRceDA"
*** You are running in headless mode.
1539202745233	Marionette	INFO	Listening on port 38647
1539202745278	Marionette	WARN	TLS certificate errors will be ignored for this session
1539202745344	Marionette	DEBUG	[2147483649] Frame script loaded
1539202745351	Marionette	DEBUG	[2147483649] Frame script registered
1539202958782	mozrunner::runner	INFO	Running command: "/usr/bin/firefox" "-marionette" "--headless" "-foreground" "-no-remote" "-profile" "/tmp/rust_mozprofile.Rnv5hRJa1yiL"
*** You are running in headless mode.
1539202960870	Marionette	INFO	Listening on port 42531
1539202960908	Marionette	WARN	TLS certificate errors will be ignored for this session
1539202960995	Marionette	DEBUG	[2147483649] Frame script loaded
1539202960996	Marionette	DEBUG	[2147483649] Frame script registered
1539203720024	mozrunner::runner	INFO	Running command: "/usr/bin/firefox" "-marionette" "--headless" "-foreground" "-no-remote" "-profile" "/tmp/rust_mozprofile.V9cS9qu9CNzx"
*** You are running in headless mode.
1539203721760	Marionette	INFO	Listening on port 46763
1539203721837	Marionette	WARN	TLS certificate errors will be ignored for this session
1539203721947	Marionette	DEBUG	[2147483649] Frame script loaded
1539203721949	Marionette	DEBUG	[2147483649] Frame script registered
1539204589710	mozrunner::runner	INFO	Running command: "/usr/bin/firefox" "-marionette" "--headless" "-foreground" "-no-remote" "-profile" "/tmp/rust_mozprofile.xf7AqGkjp9bO"
*** You are running in headless mode.
1539204592006	Marionette	INFO	Listening on port 42587
1539204592292	Marionette	WARN	TLS certificate errors will be ignored for this session
1539204592467	Marionette	DEBUG	[2147483649] Frame script loaded
1539204592468	Marionette	DEBUG	[2147483649] Frame script registered
1539204702449	mozrunner::runner	INFO	Running command: "/usr/bin/firefox" "-marionette" "--headless" "-foreground" "-no-remote" "-profile" "/tmp/rust_mozprofile.YYiLdvmXu0qi"
*** You are running in headless mode.
1539204705462	Marionette	INFO	Listening on port 41355
1539204705499	Marionette	WARN	TLS certificate errors will be ignored for this session
1539204705608	Marionette	DEBUG	[2147483649] Frame script loaded
1539204705616	Marionette	DEBUG	[2147483649] Frame script registered
1539204726267	mozrunner::runner	INFO	Running command: "/usr/bin/firefox" "-marionette" "--headless" "-foreground" "-no-remote" "-profile" "/tmp/rust_mozprofile.sSaAbpHCjSWC"
*** You are running in headless mode.
1539204728086	Marionette	INFO	Listening on port 36833
1539204728180	Marionette	WARN	TLS certificate errors will be ignored for this session
1539204728266	Marionette	DEBUG	[2147483649] Frame script loaded
1539204728271	Marionette	DEBUG	[2147483649] Frame script registered
1539204779304	mozrunner::runner	INFO	Running command: "/usr/bin/firefox" "-marionette" "--headless" "-foreground" "-no-remote" "-profile" "/tmp/rust_mozprofile.ORDs66AunQ4W"
*** You are running in headless mode.
1539204781191	Marionette	INFO	Listening on port 43621
1539204781232	Marionette	WARN	TLS certificate errors will be ignored for this session
1539204781295	Marionette	DEBUG	[2147483649] Frame script loaded
1539204781300	Marionette	DEBUG	[2147483649] Frame script registered
1539204929075	mozrunner::runner	INFO	Running command: "/usr/bin/firefox" "-marionette" "--headless" "-foreground" "-no-remote" "-profile" "/tmp/rust_mozprofile.F4ASI3hgIDki"
*** You are running in headless mode.
1539204930946	Marionette	INFO	Listening on port 34959
1539204931001	Marionette	WARN	TLS certificate errors will be ignored for this session
1539204931111	Marionette	DEBUG	[2147483649] Frame script loaded
1539204931117	Marionette	DEBUG	[2147483649] Frame script registered
1539205037548	mozrunner::runner	INFO	Running command: "/usr/bin/firefox" "-marionette" "--headless" "-foreground" "-no-remote" "-profile" "/tmp/rust_mozprofile.Hdigy9cjCXVV"
*** You are running in headless mode.
1539205039504	Marionette	INFO	Listening on port 37499
1539205039569	Marionette	WARN	TLS certificate errors will be ignored for this session
1539205039664	Marionette	DEBUG	[2147483649] Frame script loaded
1539205039665	Marionette	DEBUG	[2147483649] Frame script registered
1539205070439	mozrunner::runner	INFO	Running command: "/usr/bin/firefox" "-marionette" "--headless" "-foreground" "-no-remote" "-profile" "/tmp/rust_mozprofile.EwXoBWNvVDzf"
*** You are running in headless mode.
1539205072189	Marionette	INFO	Listening on port 34961
1539205072262	Marionette	WARN	TLS certificate errors will be ignored for this session
1539205072360	Marionette	DEBUG	[2147483649] Frame script loaded
1539205072361	Marionette	DEBUG	[2147483649] Frame script registered
1539205097135	mozrunner::runner	INFO	Running command: "/usr/bin/firefox" "-marionette" "--headless" "-foreground" "-no-remote" "-profile" "/tmp/rust_mozprofile.aUXkdAyKFUBh"
*** You are running in headless mode.
1539205099031	Marionette	INFO	Listening on port 43259
1539205099046	Marionette	WARN	TLS certificate errors will be ignored for this session
1539205099146	Marionette	DEBUG	[2147483649] Frame script loaded
1539205099160	Marionette	DEBUG	[2147483649] Frame script registered
1539205155095	mozrunner::runner	INFO	Running command: "/usr/bin/firefox" "-marionette" "--headless" "-foreground" "-no-remote" "-profile" "/tmp/rust_mozprofile.O13GSWElAmBg"
*** You are running in headless mode.
1539205156946	Marionette	INFO	Listening on port 43025
1539205157024	Marionette	WARN	TLS certificate errors will be ignored for this session
1539205157110	Marionette	DEBUG	[2147483649] Frame script loaded
1539205157112	Marionette	DEBUG	[2147483649] Frame script registered
1539205176773	mozrunner::runner	INFO	Running command: "/usr/bin/firefox" "-marionette" "--headless" "-foreground" "-no-remote" "-profile" "/tmp/rust_mozprofile.ICvhE1mgR0jm"
*** You are running in headless mode.
1539205178988	Marionette	INFO	Listening on port 43369
1539205179083	Marionette	WARN	TLS certificate errors will be ignored for this session
1539205179213	Marionette	DEBUG	[2147483649] Frame script loaded
1539205179225	Marionette	DEBUG	[2147483649] Frame script registered
1539205301823	mozrunner::runner	INFO	Running command: "/usr/bin/firefox" "-marionette" "--headless" "-foreground" "-no-remote" "-profile" "/tmp/rust_mozprofile.hcvw5hqHWIG0"
*** You are running in headless mode.
1539205303759	Marionette	INFO	Listening on port 32815
1539205303832	Marionette	WARN	TLS certificate errors will be ignored for this session
1539205303901	Marionette	DEBUG	[2147483649] Frame script loaded
1539205303902	Marionette	DEBUG	[2147483649] Frame script registered
1539207794864	mozrunner::runner	INFO	Running command: "/usr/bin/firefox" "-marionette" "--headless" "-foreground" "-no-remote" "-profile" "/tmp/rust_mozprofile.noQnfRpMsbhp"
*** You are running in headless mode.
1539207796710	Marionette	INFO	Listening on port 40637
1539207796773	Marionette	WARN	TLS certificate errors will be ignored for this session
1539207796836	Marionette	DEBUG	[2147483649] Frame script loaded
1539207796837	Marionette	DEBUG	[2147483649] Frame script registered
1539207798717	mozrunner::runner	INFO	Running command: "/usr/bin/firefox" "-marionette" "--headless" "-foreground" "-no-remote" "-profile" "/tmp/rust_mozprofile.XR47whknwoE3"
*** You are running in headless mode.
1539207800849	Marionette	INFO	Listening on port 43513
1539207800927	Marionette	WARN	TLS certificate errors will be ignored for this session
1539207800994	Marionette	DEBUG	[2147483649] Frame script loaded
1539207801001	Marionette	DEBUG	[2147483649] Frame script registered
1539209296839	mozrunner::runner	INFO	Running command: "/usr/bin/firefox" "-marionette" "--headless" "-foreground" "-no-remote" "-profile" "/tmp/rust_mozprofile.UUfuCuFYdxuf"
*** You are running in headless mode.
1539209298673	Marionette	INFO	Listening on port 34213
1539209298749	Marionette	WARN	TLS certificate errors will be ignored for this session
1539209298835	Marionette	DEBUG	[2147483649] Frame script loaded
1539209298837	Marionette	DEBUG	[2147483649] Frame script registered
1539209356309	mozrunner::runner	INFO	Running command: "/usr/bin/firefox" "-marionette" "--headless" "-foreground" "-no-remote" "-profile" "/tmp/rust_mozprofile.L8VZqP3z1y58"
*** You are running in headless mode.
1539209358235	Marionette	INFO	Listening on port 40533
1539209358320	Marionette	WARN	TLS certificate errors will be ignored for this session
1539209358385	Marionette	DEBUG	[2147483649] Frame script loaded
1539209358394	Marionette	DEBUG	[2147483649] Frame script registered
1539209362439	Marionette	DEBUG	[2147483649] Received DOM event beforeunload for about:blank
1539209362804	Marionette	DEBUG	[2147483649] Received DOM event pagehide for about:blank
1539209363309	Marionette	DEBUG	[2147483649] Received DOM event DOMContentLoaded for https://www.google.com/search?q=typhoid&gws_rd=ssl
1539209363929	Marionette	DEBUG	[2147483649] Received DOM event pageshow for https://www.google.com/search?q=typhoid&gws_rd=ssl
1539209364180	Marionette	DEBUG	[2147483649] Canceled page load listener because no navigation has been detected
1539209407433	mozrunner::runner	INFO	Running command: "/usr/bin/firefox" "-marionette" "--headless" "-foreground" "-no-remote" "-profile" "/tmp/rust_mozprofile.pPhcLThOEspR"
*** You are running in headless mode.
1539209409169	Marionette	INFO	Listening on port 37865
1539209409254	Marionette	WARN	TLS certificate errors will be ignored for this session
1539209409365	Marionette	DEBUG	[2147483649] Frame script loaded
1539209409375	Marionette	DEBUG	[2147483649] Frame script registered
1539209411521	Marionette	DEBUG	[2147483649] Received DOM event beforeunload for about:blank
1539209411893	Marionette	DEBUG	[2147483649] Received DOM event pagehide for about:blank
1539209412342	Marionette	DEBUG	[2147483649] Received DOM event DOMContentLoaded for https://www.google.com/search?q=typhoid&gws_rd=ssl
1539209412922	Marionette	DEBUG	[2147483649] Received DOM event pageshow for https://www.google.com/search?q=typhoid&gws_rd=ssl
1539209413214	Marionette	DEBUG	[2147483649] Canceled page load listener because no navigation has been detected
1539209413321	Marionette	DEBUG	[2147483649] Received DOM event beforeunload for https://www.google.com/search?q=typhoid&gws_rd=ssl
1539209413430	Marionette	DEBUG	[2147483649] Received DOM event pagehide for https://www.google.com/search?q=typhoid&gws_rd=ssl
1539209413432	Marionette	DEBUG	[2147483649] Received DOM event unload for https://www.google.com/search?q=typhoid&gws_rd=ssl
1539209413889	Marionette	DEBUG	[2147483649] Received DOM event DOMContentLoaded for https://www.google.com/search?q=typhoid
1539209414410	Marionette	DEBUG	[2147483649] Received DOM event pageshow for https://www.google.com/search?q=typhoid
1539209414668	Marionette	DEBUG	[2147483649] Canceled page load listener because no navigation has been detected
1539209502073	mozrunner::runner	INFO	Running command: "/usr/bin/firefox" "-marionette" "--headless" "-foreground" "-no-remote" "-profile" "/tmp/rust_mozprofile.VGx3aib2zcHB"
*** You are running in headless mode.
1539209503934	Marionette	INFO	Listening on port 40209
1539209503993	Marionette	WARN	TLS certificate errors will be ignored for this session
1539209504088	Marionette	DEBUG	[2147483649] Frame script loaded
1539209504091	Marionette	DEBUG	[2147483649] Frame script registered
1539209507702	Marionette	DEBUG	[2147483649] Received DOM event beforeunload for about:blank
1539209508064	Marionette	DEBUG	[2147483649] Received DOM event pagehide for about:blank
1539209508659	Marionette	DEBUG	[2147483649] Received DOM event DOMContentLoaded for https://www.google.com/search?q=typhoid&gws_rd=ssl
1539209509228	Marionette	DEBUG	[2147483649] Received DOM event pageshow for https://www.google.com/search?q=typhoid&gws_rd=ssl
1539209509501	Marionette	DEBUG	[2147483649] Canceled page load listener because no navigation has been detected
1539209511757	Marionette	DEBUG	[2147483649] Canceled page load listener because no navigation has been detected
1539209511864	Marionette	DEBUG	[2147483649] Received DOM event beforeunload for https://www.google.com/search?q=typhoid&gws_rd=ssl
1539209512000	Marionette	DEBUG	[2147483649] Received DOM event pagehide for https://www.google.com/search?q=typhoid&gws_rd=ssl
1539209512002	Marionette	DEBUG	[2147483649] Received DOM event unload for https://www.google.com/search?q=typhoid&gws_rd=ssl
1539209512537	Marionette	DEBUG	[2147483649] Received DOM event DOMContentLoaded for https://www.google.com/search?q=typhoid
1539209513037	Marionette	DEBUG	[2147483649] Received DOM event pageshow for https://www.google.com/search?q=typhoid
1539209513286	Marionette	DEBUG	[2147483649] Canceled page load listener because no navigation has been detected
1539209515656	Marionette	DEBUG	[2147483649] Canceled page load listener because no navigation has been detected
1539209551025	mozrunner::runner	INFO	Running command: "/usr/bin/firefox" "-marionette" "--headless" "-foreground" "-no-remote" "-profile" "/tmp/rust_mozprofile.OAS08HDtuHR4"
*** You are running in headless mode.
1539209552893	Marionette	INFO	Listening on port 37323
1539209552950	Marionette	WARN	TLS certificate errors will be ignored for this session
1539209553039	Marionette	DEBUG	[2147483649] Frame script loaded
1539209553042	Marionette	DEBUG	[2147483649] Frame script registered
1539209555255	Marionette	DEBUG	[2147483649] Received DOM event beforeunload for about:blank
1539209555625	Marionette	DEBUG	[2147483649] Received DOM event pagehide for about:blank
1539209556135	Marionette	DEBUG	[2147483649] Received DOM event DOMContentLoaded for https://www.google.com/search?q=typhoid&gws_rd=ssl
1539209556810	Marionette	DEBUG	[2147483649] Received DOM event pageshow for https://www.google.com/search?q=typhoid&gws_rd=ssl
1539209557101	Marionette	DEBUG	[2147483649] Canceled page load listener because no navigation has been detected
1539209559353	Marionette	DEBUG	[2147483649] Canceled page load listener because no navigation has been detected
1539209559784	Marionette	DEBUG	[2147483649] Canceled page load listener because no navigation has been detected
1539209560179	Marionette	DEBUG	[2147483649] Canceled page load listener because no navigation has been detected
1539209560409	Marionette	DEBUG	[2147483649] Received DOM event beforeunload for https://www.google.com/search?q=typhoid&gws_rd=ssl
1539209560547	Marionette	DEBUG	[2147483649] Received DOM event pagehide for https://www.google.com/search?q=typhoid&gws_rd=ssl
1539209560552	Marionette	DEBUG	[2147483649] Received DOM event unload for https://www.google.com/search?q=typhoid&gws_rd=ssl
1539209561072	Marionette	DEBUG	[2147483649] Received DOM event DOMContentLoaded for https://www.google.com/search?q=typhoid
1539209561614	Marionette	DEBUG	[2147483649] Received DOM event pageshow for https://www.google.com/search?q=typhoid
1539209561881	Marionette	DEBUG	[2147483649] Canceled page load listener because no navigation has been detected
1539209564138	Marionette	DEBUG	[2147483649] Canceled page load listener because no navigation has been detected
1539209564510	Marionette	DEBUG	[2147483649] Canceled page load listener because no navigation has been detected
1539209564876	Marionette	DEBUG	[2147483649] Canceled page load listener because no navigation has been detected
1539209733301	mozrunner::runner	INFO	Running command: "/usr/bin/firefox" "-marionette" "--headless" "-foreground" "-no-remote" "-profile" "/tmp/rust_mozprofile.SgmTxtSdyb0R"
*** You are running in headless mode.
1539209735213	Marionette	INFO	Listening on port 33211
1539209735327	Marionette	WARN	TLS certificate errors will be ignored for this session
1539209735409	Marionette	DEBUG	[2147483649] Frame script loaded
1539209735411	Marionette	DEBUG	[2147483649] Frame script registered
1539209736512	Marionette	DEBUG	[2147483649] Received DOM event beforeunload for about:blank
1539209736920	Marionette	DEBUG	[2147483649] Received DOM event pagehide for about:blank
1539209737450	Marionette	DEBUG	[2147483649] Received DOM event DOMContentLoaded for https://www.google.com/search?q=typhoid&gws_rd=ssl
1539209738018	Marionette	DEBUG	[2147483649] Received DOM event pageshow for https://www.google.com/search?q=typhoid&gws_rd=ssl
1539209738285	Marionette	DEBUG	[2147483649] Canceled page load listener because no navigation has been detected
1539209740541	Marionette	DEBUG	[2147483649] Canceled page load listener because no navigation has been detected
1539209740898	Marionette	DEBUG	[2147483649] Canceled page load listener because no navigation has been detected
1539209741223	Marionette	DEBUG	[2147483649] Canceled page load listener because no navigation has been detected
1539209741479	Marionette	DEBUG	[2147483649] Received DOM event beforeunload for https://www.google.com/search?q=typhoid&gws_rd=ssl
1539209741593	Marionette	DEBUG	[2147483649] Received DOM event pagehide for https://www.google.com/search?q=typhoid&gws_rd=ssl
1539209741594	Marionette	DEBUG	[2147483649] Received DOM event unload for https://www.google.com/search?q=typhoid&gws_rd=ssl
1539209742251	Marionette	DEBUG	[2147483649] Received DOM event DOMContentLoaded for https://www.google.com/search?q=typhoid
1539209742790	Marionette	DEBUG	[2147483649] Received DOM event pageshow for https://www.google.com/search?q=typhoid
1539209743073	Marionette	DEBUG	[2147483649] Canceled page load listener because no navigation has been detected
1539209745345	Marionette	DEBUG	[2147483649] Canceled page load listener because no navigation has been detected
1539209745707	Marionette	DEBUG	[2147483649] Canceled page load listener because no navigation has been detected
1539209746061	Marionette	DEBUG	[2147483649] Canceled page load listener because no navigation has been detected
1539209803505	mozrunner::runner	INFO	Running command: "/usr/bin/firefox" "-marionette" "--headless" "-foreground" "-no-remote" "-profile" "/tmp/rust_mozprofile.hIEP0ylDQ0mA"
*** You are running in headless mode.
1539209805253	Marionette	INFO	Listening on port 37277
1539209805325	Marionette	WARN	TLS certificate errors will be ignored for this session
1539209805391	Marionette	DEBUG	[2147483649] Frame script loaded
1539209805393	Marionette	DEBUG	[2147483649] Frame script registered
1539209812663	Marionette	DEBUG	[2147483649] Received DOM event beforeunload for about:blank
1539209813029	Marionette	DEBUG	[2147483649] Received DOM event pagehide for about:blank
1539209813560	Marionette	DEBUG	[2147483649] Received DOM event DOMContentLoaded for https://www.google.com/search?q=typhoid&gws_rd=ssl
1539209814562	Marionette	DEBUG	[2147483649] Received DOM event pageshow for https://www.google.com/search?q=typhoid&gws_rd=ssl
1539209814824	Marionette	DEBUG	[2147483649] Canceled page load listener because no navigation has been detected
1539209817092	Marionette	DEBUG	[2147483649] Canceled page load listener because no navigation has been detected
1539209817449	Marionette	DEBUG	[2147483649] Canceled page load listener because no navigation has been detected
1539209817893	Marionette	DEBUG	[2147483649] Canceled page load listener because no navigation has been detected
1539209818157	Marionette	DEBUG	[2147483649] Received DOM event beforeunload for https://www.google.com/search?q=typhoid&gws_rd=ssl
1539209818285	Marionette	DEBUG	[2147483649] Received DOM event pagehide for https://www.google.com/search?q=typhoid&gws_rd=ssl
1539209818287	Marionette	DEBUG	[2147483649] Received DOM event unload for https://www.google.com/search?q=typhoid&gws_rd=ssl
1539209818851	Marionette	DEBUG	[2147483649] Received DOM event DOMContentLoaded for https://www.google.com/search?q=typhoid
1539209819183	Marionette	DEBUG	[2147483649] Received DOM event pageshow for https://www.google.com/search?q=typhoid
1539209819450	Marionette	DEBUG	[2147483649] Canceled page load listener because no navigation has been detected
1539209821689	Marionette	DEBUG	[2147483649] Canceled page load listener because no navigation has been detected
1539209822091	Marionette	DEBUG	[2147483649] Canceled page load listener because no navigation has been detected
1539209822447	Marionette	DEBUG	[2147483649] Canceled page load listener because no navigation has been detected
1539209898257	Marionette	DEBUG	[2147483649] Received DOM event beforeunload for https://www.google.com/search?q=typhoid
1539209898374	Marionette	DEBUG	[2147483649] Received DOM event pagehide for https://www.google.com/search?q=typhoid
1539209898383	Marionette	DEBUG	[2147483649] Received DOM event unload for https://www.google.com/search?q=typhoid
1539209898924	Marionette	DEBUG	[2147483649] Received DOM event DOMContentLoaded for https://www.google.com/search?q=typhoid
1539209899450	Marionette	DEBUG	[2147483649] Received DOM event pageshow for https://www.google.com/search?q=typhoid
1539209899711	Marionette	DEBUG	[2147483649] Canceled page load listener because no navigation has been detected
1539209901958	Marionette	DEBUG	[2147483649] Canceled page load listener because no navigation has been detected
1539209902308	Marionette	DEBUG	[2147483649] Canceled page load listener because no navigation has been detected
1539209902653	Marionette	DEBUG	[2147483649] Canceled page load listener because no navigation has been detected
1539209902870	Marionette	DEBUG	[2147483649] Received DOM event beforeunload for https://www.google.com/search?q=typhoid
1539209902992	Marionette	DEBUG	[2147483649] Received DOM event pagehide for https://www.google.com/search?q=typhoid
1539209902994	Marionette	DEBUG	[2147483649] Received DOM event unload for https://www.google.com/search?q=typhoid
1539209903477	Marionette	DEBUG	[2147483649] Received DOM event DOMContentLoaded for https://www.google.com/search?q=typhoid
1539209903987	Marionette	DEBUG	[2147483649] Received DOM event pageshow for https://www.google.com/search?q=typhoid
1539209904297	Marionette	DEBUG	[2147483649] Canceled page load listener because no navigation has been detected
1539209906549	Marionette	DEBUG	[2147483649] Canceled page load listener because no navigation has been detected
1539209906888	Marionette	DEBUG	[2147483649] Canceled page load listener because no navigation has been detected
1539209907233	Marionette	DEBUG	[2147483649] Canceled page load listener because no navigation has been detected
1539210016763	mozrunner::runner	INFO	Running command: "/usr/bin/firefox" "-marionette" "--headless" "-foreground" "-no-remote" "-profile" "/tmp/rust_mozprofile.cz3IWeKOrraw"
*** You are running in headless mode.
1539210018757	Marionette	INFO	Listening on port 41327
1539210018781	Marionette	WARN	TLS certificate errors will be ignored for this session
1539210018886	Marionette	DEBUG	[2147483649] Frame script loaded
1539210018891	Marionette	DEBUG	[2147483649] Frame script registered
1539210020760	Marionette	DEBUG	[2147483649] Received DOM event beforeunload for about:blank
1539210021120	Marionette	DEBUG	[2147483649] Received DOM event pagehide for about:blank
1539210021609	Marionette	DEBUG	[2147483649] Received DOM event DOMContentLoaded for https://www.google.com/search?q=typhoid&gws_rd=ssl
1539210022567	Marionette	DEBUG	[2147483649] Received DOM event pageshow for https://www.google.com/search?q=typhoid&gws_rd=ssl
1539210022813	Marionette	DEBUG	[2147483649] Canceled page load listener because no navigation has been detected
1539210025068	Marionette	DEBUG	[2147483649] Canceled page load listener because no navigation has been detected
1539210025328	Marionette	DEBUG	[2147483649] Received DOM event beforeunload for https://www.google.com/search?q=typhoid&gws_rd=ssl
1539210025437	Marionette	DEBUG	[2147483649] Received DOM event pagehide for https://www.google.com/search?q=typhoid&gws_rd=ssl
1539210025439	Marionette	DEBUG	[2147483649] Received DOM event unload for https://www.google.com/search?q=typhoid&gws_rd=ssl
1539210026002	Marionette	DEBUG	[2147483649] Received DOM event DOMContentLoaded for https://www.google.com/search?q=typhoid
1539210026795	Marionette	DEBUG	[2147483649] Received DOM event pageshow for https://www.google.com/search?q=typhoid
1539210027052	Marionette	DEBUG	[2147483649] Canceled page load listener because no navigation has been detected
1539210029324	Marionette	DEBUG	[2147483649] Canceled page load listener because no navigation has been detected
1539210137255	mozrunner::runner	INFO	Running command: "/usr/bin/firefox" "-marionette" "--headless" "-foreground" "-no-remote" "-profile" "/tmp/rust_mozprofile.BGVrusyZBtig"
*** You are running in headless mode.
1539210139223	Marionette	INFO	Listening on port 45379
1539210139283	Marionette	WARN	TLS certificate errors will be ignored for this session
1539210139352	Marionette	DEBUG	[2147483649] Frame script loaded
1539210139358	Marionette	DEBUG	[2147483649] Frame script registered
1539210141061	Marionette	DEBUG	[2147483649] Received DOM event beforeunload for about:blank
1539210141459	Marionette	DEBUG	[2147483649] Received DOM event pagehide for about:blank
1539210142039	Marionette	DEBUG	[2147483649] Received DOM event DOMContentLoaded for https://www.google.com/search?q=typhoid&gws_rd=ssl
1539210142602	Marionette	DEBUG	[2147483649] Received DOM event pageshow for https://www.google.com/search?q=typhoid&gws_rd=ssl
1539210142876	Marionette	DEBUG	[2147483649] Canceled page load listener because no navigation has been detected
1539210145134	Marionette	DEBUG	[2147483649] Canceled page load listener because no navigation has been detected
1539210145497	Marionette	DEBUG	[2147483649] Canceled page load listener because no navigation has been detected
1539210145818	Marionette	DEBUG	[2147483649] Canceled page load listener because no navigation has been detected
1539210243826	mozrunner::runner	INFO	Running command: "/usr/bin/firefox" "-marionette" "--headless" "-foreground" "-no-remote" "-profile" "/tmp/rust_mozprofile.lHro4B0Z9osz"
*** You are running in headless mode.
1539210245848	Marionette	INFO	Listening on port 44377
1539210245938	Marionette	WARN	TLS certificate errors will be ignored for this session
1539210246021	Marionette	DEBUG	[2147483649] Frame script loaded
1539210246031	Marionette	DEBUG	[2147483649] Frame script registered
[GFX1-]: Receive IPC close with reason=AbnormalShutdown
[GFX1-]: Receive IPC close with reason=AbnormalShutdown
[GFX1-]: Receive IPC close with reason=AbnormalShutdown
[GFX1-]: Receive IPC close with reason=AbnormalShutdown
[Child 26838, Chrome_ChildThread] WARNING: pipe error (3): Connection reset by peer: file /build/firefox-IVlCbR/firefox-62.0.3+build1/ipc/chromium/src/chrome/common/ipc_channel_posix.cc, line 353
[GFX1-]: Receive IPC close with reason=AbnormalShutdown
[Child 26895, Chrome_ChildThread] WARNING: pipe error (3): Connection reset by peer: file /build/firefox-IVlCbR/firefox-62.0.3+build1/ipc/chromium/src/chrome/common/ipc_channel_posix.cc, line 353
Sandbox: Unexpected EOF, op 0 flags 00 path /usr/share/locale/C.UTF-8/LC_MESSAGES/libc.mo
[Child 27432, Chrome_ChildThread] WARNING: pipe error (3): Connection reset by peer: file /build/firefox-IVlCbR/firefox-62.0.3+build1/ipc/chromium/src/chrome/common/ipc_channel_posix.cc, line 353
Sandbox: Unexpected EOF, op 0 flags 00 path /usr/share/locale/C.UTF-8/LC_MESSAGES/libc.mo
[Child 27506, Chrome_ChildThread] WARNING: pipe error (3): Connection reset by peer: file /build/firefox-IVlCbR/firefox-62.0.3+build1/ipc/chromium/src/chrome/common/ipc_channel_posix.cc, line 353
Sandbox: Unexpected EOF, op 0 flags 00 path /usr/share/locale/C.UTF-8/LC_MESSAGES/libc.mo
[Child 27715, Chrome_ChildThread] WARNING: pipe error (3): Connection reset by peer: file /build/firefox-IVlCbR/firefox-62.0.3+build1/ipc/chromium/src/chrome/common/ipc_channel_posix.cc, line 353
[GFX1-]: Receive IPC close with reason=AbnormalShutdown
Sandbox: Unexpected EOF, op 0 flags 00 path /usr/share/locale/C.UTF-8/LC_MESSAGES/libc.mo
[Child 29619, Chrome_ChildThread] WARNING: pipe error (3): Connection reset by peer: file /build/firefox-IVlCbR/firefox-62.0.3+build1/ipc/chromium/src/chrome/common/ipc_channel_posix.cc, line 353
[GFX1-]: Receive IPC close with reason=AbnormalShutdown
Sandbox: Unexpected EOF, op 0 flags 00 path /usr/share/locale/C.UTF-8/LC_MESSAGES/libc.mo
[Child 28209, Chrome_ChildThread] WARNING: pipe error (3): Connection reset by peer: file /build/firefox-IVlCbR/firefox-62.0.3+build1/ipc/chromium/src/chrome/common/ipc_channel_posix.cc, line 353
[GFX1-]: Receive IPC close with reason=AbnormalShutdown
[GFX1-]: Receive IPC close with reason=AbnormalShutdown
Sandbox: Unexpected EOF, op 0 flags 00 path /usr/share/locale/C.UTF-8/LC_MESSAGES/libc.mo
[Child 28411, Chrome_ChildThread] WARNING: pipe error (3): Connection reset by peer: file /build/firefox-IVlCbR/firefox-62.0.3+build1/ipc/chromium/src/chrome/common/ipc_channel_posix.cc, line 353
[GFX1-]: Receive IPC close with reason=AbnormalShutdown
Sandbox: Unexpected EOF, op 0 flags 00 path /usr/share/locale/C.UTF-8/LC_MESSAGES/libc.mo
[Child 29872, Chrome_ChildThread] WARNING: pipe error (3): Connection reset by peer: file /build/firefox-IVlCbR/firefox-62.0.3+build1/ipc/chromium/src/chrome/common/ipc_channel_posix.cc, line 353
Sandbox: Unexpected EOF, op 0 flags 00 path /usr/share/locale/C.UTF-8/LC_MESSAGES/libc.mo
[Child 29955, Chrome_ChildThread] WARNING: pipe error (3): Connection reset by peer: file /build/firefox-IVlCbR/firefox-62.0.3+build1/ipc/chromium/src/chrome/common/ipc_channel_posix.cc, line 353
1539210684641	mozrunner::runner	INFO	Running command: "/usr/bin/firefox" "-marionette" "--headless" "-foreground" "-no-remote" "-profile" "/tmp/rust_mozprofile.EpbDrzcbrQpF"
*** You are running in headless mode.
1539210686444	Marionette	INFO	Listening on port 46493
1539210686462	Marionette	WARN	TLS certificate errors will be ignored for this session
1539210686547	Marionette	DEBUG	[2147483649] Frame script loaded
1539210686549	Marionette	DEBUG	[2147483649] Frame script registered
1539210688266	mozrunner::runner	INFO	Running command: "/usr/bin/firefox" "-marionette" "--headless" "-foreground" "-no-remote" "-profile" "/tmp/rust_mozprofile.02FmiP5Kkazt"
*** You are running in headless mode.
1539210690258	Marionette	INFO	Listening on port 42935
1539210690293	Marionette	WARN	TLS certificate errors will be ignored for this session
1539210690364	Marionette	DEBUG	[2147483649] Frame script loaded
1539210690375	Marionette	DEBUG	[2147483649] Frame script registered
1539211133849	mozrunner::runner	INFO	Running command: "/usr/bin/firefox" "-marionette" "--headless" "-foreground" "-no-remote" "-profile" "/tmp/rust_mozprofile.LbC9iqgA1Ps1"
*** You are running in headless mode.
1539211135923	Marionette	INFO	Listening on port 40067
1539211135962	Marionette	WARN	TLS certificate errors will be ignored for this session
1539211136064	Marionette	DEBUG	[2147483649] Frame script loaded
1539211136070	Marionette	DEBUG	[2147483649] Frame script registered
1539211178354	mozrunner::runner	INFO	Running command: "/usr/bin/firefox" "-marionette" "--headless" "-foreground" "-no-remote" "-profile" "/tmp/rust_mozprofile.zUArwHXDyUdm"
*** You are running in headless mode.
1539211180150	Marionette	INFO	Listening on port 37351
1539211180185	Marionette	WARN	TLS certificate errors will be ignored for this session
1539211180302	Marionette	DEBUG	[2147483649] Frame script loaded
1539211180305	Marionette	DEBUG	[2147483649] Frame script registered
1539211359008	mozrunner::runner	INFO	Running command: "/usr/bin/firefox" "-marionette" "--headless" "-foreground" "-no-remote" "-profile" "/tmp/rust_mozprofile.tCPQL64qIu8E"
*** You are running in headless mode.
1539211361002	Marionette	INFO	Listening on port 36461
1539211361023	Marionette	WARN	TLS certificate errors will be ignored for this session
1539211361101	Marionette	DEBUG	[2147483649] Frame script loaded
1539211361105	Marionette	DEBUG	[2147483649] Frame script registered
1539213732391	mozrunner::runner	INFO	Running command: "/usr/bin/firefox" "-marionette" "--headless" "-foreground" "-no-remote" "-profile" "/tmp/rust_mozprofile.5IxdAkK9y1Wh"
*** You are running in headless mode.
1539213734147	Marionette	INFO	Listening on port 44053
1539213734212	Marionette	WARN	TLS certificate errors will be ignored for this session
1539213734305	Marionette	DEBUG	[2147483649] Frame script loaded
1539213734307	Marionette	DEBUG	[2147483649] Frame script registered
1539213737733	mozrunner::runner	INFO	Running command: "/usr/bin/firefox" "-marionette" "--headless" "-foreground" "-no-remote" "-profile" "/tmp/rust_mozprofile.FP6a2hQ0Fvw8"
*** You are running in headless mode.
1539213739691	Marionette	INFO	Listening on port 38121
1539213739756	Marionette	WARN	TLS certificate errors will be ignored for this session
1539213739830	Marionette	DEBUG	[2147483649] Frame script loaded
1539213739836	Marionette	DEBUG	[2147483649] Frame script registered
1539213817490	mozrunner::runner	INFO	Running command: "/usr/bin/firefox" "-marionette" "--headless" "-foreground" "-no-remote" "-profile" "/tmp/rust_mozprofile.xgqolEWWRXFt"
*** You are running in headless mode.
1539213819288	Marionette	INFO	Listening on port 42379
1539213819317	Marionette	WARN	TLS certificate errors will be ignored for this session
1539213819385	Marionette	DEBUG	[2147483649] Frame script loaded
1539213819393	Marionette	DEBUG	[2147483649] Frame script registered
1539213855592	Marionette	DEBUG	[2147483649] Received DOM event beforeunload for about:blank
1539213855950	Marionette	DEBUG	[2147483649] Received DOM event pagehide for about:blank
1539213856474	Marionette	DEBUG	[2147483649] Received DOM event DOMContentLoaded for https://www.google.com/search?q=typhoid&gws_rd=ssl
1539213857069	Marionette	DEBUG	[2147483649] Received DOM event pageshow for https://www.google.com/search?q=typhoid&gws_rd=ssl
1539213857318	Marionette	DEBUG	[2147483649] Canceled page load listener because no navigation has been detected
1539213859570	Marionette	DEBUG	[2147483649] Canceled page load listener because no navigation has been detected
1539213859937	Marionette	DEBUG	[2147483649] Canceled page load listener because no navigation has been detected
1539213860303	Marionette	DEBUG	[2147483649] Canceled page load listener because no navigation has been detected
1539213978037	mozrunner::runner	INFO	Running command: "/usr/bin/firefox" "-marionette" "--headless" "-foreground" "-no-remote" "-profile" "/tmp/rust_mozprofile.GoUaaYcliHXn"
*** You are running in headless mode.
1539213979823	Marionette	INFO	Listening on port 32891
1539213979919	Marionette	WARN	TLS certificate errors will be ignored for this session
1539213980013	Marionette	DEBUG	[2147483649] Frame script loaded
1539213980033	Marionette	DEBUG	[2147483649] Frame script registered
1539214013918	Marionette	DEBUG	[2147483649] Received DOM event beforeunload for about:blank
1539214014288	Marionette	DEBUG	[2147483649] Received DOM event pagehide for about:blank
1539214014973	Marionette	DEBUG	[2147483649] Received DOM event DOMContentLoaded for https://www.google.com/search?q=typhoid&gws_rd=ssl
1539214015501	Marionette	DEBUG	[2147483649] Received DOM event pageshow for https://www.google.com/search?q=typhoid&gws_rd=ssl
1539214015759	Marionette	DEBUG	[2147483649] Canceled page load listener because no navigation has been detected
1539214018014	Marionette	DEBUG	[2147483649] Canceled page load listener because no navigation has been detected
1539214018413	Marionette	DEBUG	[2147483649] Canceled page load listener because no navigation has been detected
1539214018736	Marionette	DEBUG	[2147483649] Canceled page load listener because no navigation has been detected
1539214139901	mozrunner::runner	INFO	Running command: "/usr/bin/firefox" "-marionette" "--headless" "-foreground" "-no-remote" "-profile" "/tmp/rust_mozprofile.WDXuymtrEhBZ"
*** You are running in headless mode.
1539214141626	Marionette	INFO	Listening on port 37623
1539214141717	Marionette	WARN	TLS certificate errors will be ignored for this session
1539214141794	Marionette	DEBUG	[2147483649] Frame script loaded
1539214141795	Marionette	DEBUG	[2147483649] Frame script registered
1539214146009	Marionette	DEBUG	[2147483649] Received DOM event beforeunload for about:blank
1539214146385	Marionette	DEBUG	[2147483649] Received DOM event pagehide for about:blank
1539214146857	Marionette	DEBUG	[2147483649] Received DOM event DOMContentLoaded for https://www.google.com/search?q=typhoid&gws_rd=ssl
1539214148562	Marionette	DEBUG	[2147483649] Received DOM event pageshow for https://www.google.com/search?q=typhoid&gws_rd=ssl
1539214148823	Marionette	DEBUG	[2147483649] Canceled page load listener because no navigation has been detected
1539214151106	Marionette	DEBUG	[2147483649] Canceled page load listener because no navigation has been detected
1539214151488	Marionette	DEBUG	[2147483649] Canceled page load listener because no navigation has been detected
1539214151841	Marionette	DEBUG	[2147483649] Canceled page load listener because no navigation has been detected
1539214681424	mozrunner::runner	INFO	Running command: "/usr/bin/firefox" "-marionette" "--headless" "-foreground" "-no-remote" "-profile" "/tmp/rust_mozprofile.JUa5wbDs5dB3"
*** You are running in headless mode.
1539214683127	Marionette	INFO	Listening on port 35293
1539214683162	Marionette	WARN	TLS certificate errors will be ignored for this session
1539214683237	Marionette	DEBUG	[2147483649] Frame script loaded
1539214683240	Marionette	DEBUG	[2147483649] Frame script registered
1539214698466	Marionette	DEBUG	[2147483649] Received DOM event beforeunload for about:blank
1539214698890	Marionette	DEBUG	[2147483649] Received DOM event pagehide for about:blank
1539214699370	Marionette	DEBUG	[2147483649] Received DOM event DOMContentLoaded for https://www.google.com/search?q=typhoid&gws_rd=ssl
1539214700319	Marionette	DEBUG	[2147483649] Received DOM event pageshow for https://www.google.com/search?q=typhoid&gws_rd=ssl
1539214700571	Marionette	DEBUG	[2147483649] Canceled page load listener because no navigation has been detected
1539214702821	Marionette	DEBUG	[2147483649] Canceled page load listener because no navigation has been detected
1539214703163	Marionette	DEBUG	[2147483649] Canceled page load listener because no navigation has been detected
1539214703517	Marionette	DEBUG	[2147483649] Canceled page load listener because no navigation has been detected
1539214743566	Marionette	DEBUG	[2147483649] Received DOM event beforeunload for https://www.google.com/search?q=typhoid&gws_rd=ssl
1539214743692	Marionette	DEBUG	[2147483649] Received DOM event pagehide for https://www.google.com/search?q=typhoid&gws_rd=ssl
1539214743700	Marionette	DEBUG	[2147483649] Received DOM event unload for https://www.google.com/search?q=typhoid&gws_rd=ssl
1539214744121	Marionette	DEBUG	[2147483649] Received DOM event DOMContentLoaded for https://www.google.com/search?q=typhoid
1539214744774	Marionette	DEBUG	[2147483649] Received DOM event pageshow for https://www.google.com/search?q=typhoid
1539214745040	Marionette	DEBUG	[2147483649] Canceled page load listener because no navigation has been detected
1539214747293	Marionette	DEBUG	[2147483649] Canceled page load listener because no navigation has been detected
1539214747626	Marionette	DEBUG	[2147483649] Canceled page load listener because no navigation has been detected
1539214747974	Marionette	DEBUG	[2147483649] Canceled page load listener because no navigation has been detected
1539214758454	mozrunner::runner	INFO	Running command: "/usr/bin/firefox" "-marionette" "--headless" "-foreground" "-no-remote" "-profile" "/tmp/rust_mozprofile.9g7uNvPsQsZc"
*** You are running in headless mode.
1539214760235	Marionette	INFO	Listening on port 37653
1539214760297	Marionette	WARN	TLS certificate errors will be ignored for this session
1539214760377	Marionette	DEBUG	[2147483649] Frame script loaded
1539214760384	Marionette	DEBUG	[2147483649] Frame script registered
1539214762806	Marionette	DEBUG	[2147483649] Received DOM event beforeunload for about:blank
1539214763178	Marionette	DEBUG	[2147483649] Received DOM event pagehide for about:blank
1539214763672	Marionette	DEBUG	[2147483649] Received DOM event DOMContentLoaded for https://www.google.com/search?q=typhoid&gws_rd=ssl
1539214764755	Marionette	DEBUG	[2147483649] Received DOM event pageshow for https://www.google.com/search?q=typhoid&gws_rd=ssl
1539214765011	Marionette	DEBUG	[2147483649] Canceled page load listener because no navigation has been detected
1539214767252	Marionette	DEBUG	[2147483649] Canceled page load listener because no navigation has been detected
1539214767651	Marionette	DEBUG	[2147483649] Canceled page load listener because no navigation has been detected
1539214768021	Marionette	DEBUG	[2147483649] Canceled page load listener because no navigation has been detected
1539214899686	mozrunner::runner	INFO	Running command: "/usr/bin/firefox" "-marionette" "--headless" "-foreground" "-no-remote" "-profile" "/tmp/rust_mozprofile.QGEAlNwopSbq"
*** You are running in headless mode.
1539214901430	Marionette	INFO	Listening on port 33841
1539214901501	Marionette	WARN	TLS certificate errors will be ignored for this session
1539214901583	Marionette	DEBUG	[2147483649] Frame script loaded
1539214901594	Marionette	DEBUG	[2147483649] Frame script registered
1539214906510	Marionette	DEBUG	[2147483649] Received DOM event beforeunload for about:blank
1539214906883	Marionette	DEBUG	[2147483649] Received DOM event pagehide for about:blank
1539214907432	Marionette	DEBUG	[2147483649] Received DOM event DOMContentLoaded for https://www.google.com/search?q=typhoid&gws_rd=ssl
1539214908393	Marionette	DEBUG	[2147483649] Received DOM event pageshow for https://www.google.com/search?q=typhoid&gws_rd=ssl
1539214908650	Marionette	DEBUG	[2147483649] Canceled page load listener because no navigation has been detected
1539214910936	Marionette	DEBUG	[2147483649] Canceled page load listener because no navigation has been detected
1539214911336	Marionette	DEBUG	[2147483649] Canceled page load listener because no navigation has been detected
1539214911682	Marionette	DEBUG	[2147483649] Canceled page load listener because no navigation has been detected
1539215058414	mozrunner::runner	INFO	Running command: "/usr/bin/firefox" "-marionette" "--headless" "-foreground" "-no-remote" "-profile" "/tmp/rust_mozprofile.fu1D9mcXhIv4"
*** You are running in headless mode.
1539215060365	Marionette	INFO	Listening on port 33615
1539215060424	Marionette	WARN	TLS certificate errors will be ignored for this session
1539215060481	Marionette	DEBUG	[2147483649] Frame script loaded
1539215060482	Marionette	DEBUG	[2147483649] Frame script registered
1539215076917	Marionette	DEBUG	[2147483649] Received DOM event beforeunload for about:blank
1539215077348	Marionette	DEBUG	[2147483649] Received DOM event pagehide for about:blank
1539215078064	Marionette	DEBUG	[2147483649] Received DOM event DOMContentLoaded for https://www.google.com/search?q=typhoid&gws_rd=ssl
1539215078678	Marionette	DEBUG	[2147483649] Received DOM event pageshow for https://www.google.com/search?q=typhoid&gws_rd=ssl
1539215078961	Marionette	DEBUG	[2147483649] Canceled page load listener because no navigation has been detected
1539215081235	Marionette	DEBUG	[2147483649] Canceled page load listener because no navigation has been detected
1539215081654	Marionette	DEBUG	[2147483649] Canceled page load listener because no navigation has been detected
1539215082022	Marionette	DEBUG	[2147483649] Canceled page load listener because no navigation has been detected
1539215098288	mozrunner::runner	INFO	Running command: "/usr/bin/firefox" "-marionette" "--headless" "-foreground" "-no-remote" "-profile" "/tmp/rust_mozprofile.3cKRSNwXosNB"
*** You are running in headless mode.
1539215100071	Marionette	INFO	Listening on port 46131
1539215100107	Marionette	WARN	TLS certificate errors will be ignored for this session
1539215100191	Marionette	DEBUG	[2147483649] Frame script loaded
1539215100195	Marionette	DEBUG	[2147483649] Frame script registered
1539215255862	Marionette	DEBUG	[2147483649] Received DOM event beforeunload for about:blank
1539215256248	Marionette	DEBUG	[2147483649] Received DOM event pagehide for about:blank
1539215256789	Marionette	DEBUG	[2147483649] Received DOM event DOMContentLoaded for https://www.google.com/search?q=typhoid&gws_rd=ssl
1539215257554	Marionette	DEBUG	[2147483649] Received DOM event pageshow for https://www.google.com/search?q=typhoid&gws_rd=ssl
1539215257828	Marionette	DEBUG	[2147483649] Canceled page load listener because no navigation has been detected
1539215260080	Marionette	DEBUG	[2147483649] Canceled page load listener because no navigation has been detected
1539215260463	Marionette	DEBUG	[2147483649] Canceled page load listener because no navigation has been detected
1539215260803	Marionette	DEBUG	[2147483649] Canceled page load listener because no navigation has been detected
1539215463801	mozrunner::runner	INFO	Running command: "/usr/bin/firefox" "-marionette" "--headless" "-foreground" "-no-remote" "-profile" "/tmp/rust_mozprofile.5X2Rj20m7dJ0"
*** You are running in headless mode.
1539215465793	Marionette	INFO	Listening on port 33905
1539215465833	Marionette	WARN	TLS certificate errors will be ignored for this session
1539215465929	Marionette	DEBUG	[2147483649] Frame script loaded
1539215465932	Marionette	DEBUG	[2147483649] Frame script registered
1539215632225	mozrunner::runner	INFO	Running command: "/usr/bin/firefox" "-marionette" "--headless" "-foreground" "-no-remote" "-profile" "/tmp/rust_mozprofile.WU3BSg7spxAy"
*** You are running in headless mode.
1539215634195	Marionette	INFO	Listening on port 43701
1539215634243	Marionette	WARN	TLS certificate errors will be ignored for this session
1539215634316	Marionette	DEBUG	[2147483649] Frame script loaded
1539215634317	Marionette	DEBUG	[2147483649] Frame script registered
1539215684985	mozrunner::runner	INFO	Running command: "/usr/bin/firefox" "-marionette" "--headless" "-foreground" "-no-remote" "-profile" "/tmp/rust_mozprofile.too8pWlfY8FL"
*** You are running in headless mode.
1539215686849	Marionette	INFO	Listening on port 40555
1539215686893	Marionette	WARN	TLS certificate errors will be ignored for this session
1539215686960	Marionette	DEBUG	[2147483649] Frame script loaded
1539215686979	Marionette	DEBUG	[2147483649] Frame script registered
1539215689636	Marionette	DEBUG	[2147483649] Received DOM event beforeunload for about:blank
1539215690003	Marionette	DEBUG	[2147483649] Received DOM event pagehide for about:blank
1539215690555	Marionette	DEBUG	[2147483649] Received DOM event DOMContentLoaded for https://www.google.com/search?q=typhoid&gws_rd=ssl
1539215691183	Marionette	DEBUG	[2147483649] Received DOM event pageshow for https://www.google.com/search?q=typhoid&gws_rd=ssl
1539215691440	Marionette	DEBUG	[2147483649] Canceled page load listener because no navigation has been detected
1539215693682	Marionette	DEBUG	[2147483649] Canceled page load listener because no navigation has been detected
1539215694127	Marionette	DEBUG	[2147483649] Canceled page load listener because no navigation has been detected
1539215694478	Marionette	DEBUG	[2147483649] Canceled page load listener because no navigation has been detected
1539215761628	mozrunner::runner	INFO	Running command: "/usr/bin/firefox" "-marionette" "--headless" "-foreground" "-no-remote" "-profile" "/tmp/rust_mozprofile.6SCQYr6Dm3Nx"
*** You are running in headless mode.
1539215763623	Marionette	INFO	Listening on port 37239
1539215763638	Marionette	WARN	TLS certificate errors will be ignored for this session
1539215763716	Marionette	DEBUG	[2147483649] Frame script loaded
1539215763718	Marionette	DEBUG	[2147483649] Frame script registered
1539215844373	mozrunner::runner	INFO	Running command: "/usr/bin/firefox" "-marionette" "--headless" "-foreground" "-no-remote" "-profile" "/tmp/rust_mozprofile.LuzslyynM4No"
*** You are running in headless mode.
1539215846156	Marionette	INFO	Listening on port 36823
1539215846200	Marionette	WARN	TLS certificate errors will be ignored for this session
1539215846277	Marionette	DEBUG	[2147483649] Frame script loaded
1539215846287	Marionette	DEBUG	[2147483649] Frame script registered
1539215848912	mozrunner::runner	INFO	Running command: "/usr/bin/firefox" "-marionette" "--headless" "-foreground" "-no-remote" "-profile" "/tmp/rust_mozprofile.Ioe5C5KLjldR"
*** You are running in headless mode.
1539215850835	Marionette	INFO	Listening on port 35813
1539215850924	Marionette	WARN	TLS certificate errors will be ignored for this session
1539215851010	Marionette	DEBUG	[2147483649] Frame script loaded
1539215851011	Marionette	DEBUG	[2147483649] Frame script registered
1539215953099	mozrunner::runner	INFO	Running command: "/usr/bin/firefox" "-marionette" "--headless" "-foreground" "-no-remote" "-profile" "/tmp/rust_mozprofile.5NUsoWtEloU7"
*** You are running in headless mode.
1539215954936	Marionette	INFO	Listening on port 41771
1539215955018	Marionette	WARN	TLS certificate errors will be ignored for this session
1539215955099	Marionette	DEBUG	[2147483649] Frame script loaded
1539215955102	Marionette	DEBUG	[2147483649] Frame script registered
1539216539660	mozrunner::runner	INFO	Running command: "/usr/bin/firefox" "-marionette" "--headless" "-foreground" "-no-remote" "-profile" "/tmp/rust_mozprofile.dBnUnVyOx6XT"
*** You are running in headless mode.
1539216541447	Marionette	INFO	Listening on port 37789
1539216541488	Marionette	WARN	TLS certificate errors will be ignored for this session
1539216541596	Marionette	DEBUG	[2147483649] Frame script loaded
1539216541602	Marionette	DEBUG	[2147483649] Frame script registered
1539216544991	mozrunner::runner	INFO	Running command: "/usr/bin/firefox" "-marionette" "--headless" "-foreground" "-no-remote" "-profile" "/tmp/rust_mozprofile.cXCZEZF60dNT"
*** You are running in headless mode.
1539216546965	Marionette	INFO	Listening on port 40169
1539216547003	Marionette	WARN	TLS certificate errors will be ignored for this session
1539216547089	Marionette	DEBUG	[2147483649] Frame script loaded
1539216547091	Marionette	DEBUG	[2147483649] Frame script registered
1539216591667	mozrunner::runner	INFO	Running command: "/usr/bin/firefox" "-marionette" "--headless" "-foreground" "-no-remote" "-profile" "/tmp/rust_mozprofile.ZTspiwYaqpwM"
*** You are running in headless mode.
1539216593759	Marionette	INFO	Listening on port 35781
1539216593786	Marionette	WARN	TLS certificate errors will be ignored for this session
1539216593884	Marionette	DEBUG	[2147483649] Frame script loaded
1539216593886	Marionette	DEBUG	[2147483649] Frame script registered
1539216726076	mozrunner::runner	INFO	Running command: "/usr/bin/firefox" "-marionette" "--headless" "-foreground" "-no-remote" "-profile" "/tmp/rust_mozprofile.ATLrnDQOpl4t"
*** You are running in headless mode.
1539216728062	Marionette	INFO	Listening on port 39257
1539216728111	Marionette	WARN	TLS certificate errors will be ignored for this session
1539216728197	Marionette	DEBUG	[2147483649] Frame script loaded
1539216728199	Marionette	DEBUG	[2147483649] Frame script registered
1539216893092	mozrunner::runner	INFO	Running command: "/usr/bin/firefox" "-marionette" "--headless" "-foreground" "-no-remote" "-profile" "/tmp/rust_mozprofile.zCMK3uVDz3op"
*** You are running in headless mode.
1539216895085	Marionette	INFO	Listening on port 40063
1539216895113	Marionette	WARN	TLS certificate errors will be ignored for this session
1539216895192	Marionette	DEBUG	[2147483649] Frame script loaded
1539216895201	Marionette	DEBUG	[2147483649] Frame script registered
1539216911978	Marionette	DEBUG	[2147483649] Received DOM event beforeunload for about:blank
1539216912351	Marionette	DEBUG	[2147483649] Received DOM event pagehide for about:blank
1539216912930	Marionette	DEBUG	[2147483649] Received DOM event DOMContentLoaded for https://www.google.com/search?q=malaria&gws_rd=ssl
1539216913587	Marionette	DEBUG	[2147483649] Received DOM event pageshow for https://www.google.com/search?q=malaria&gws_rd=ssl
1539216913855	Marionette	DEBUG	[2147483649] Canceled page load listener because no navigation has been detected
1539216916115	Marionette	DEBUG	[2147483649] Canceled page load listener because no navigation has been detected
1539216916469	Marionette	DEBUG	[2147483649] Canceled page load listener because no navigation has been detected
1539217014099	mozrunner::runner	INFO	Running command: "/usr/bin/firefox" "-marionette" "--headless" "-foreground" "-no-remote" "-profile" "/tmp/rust_mozprofile.ek5lIsQSF6D4"
*** You are running in headless mode.
1539217016090	Marionette	INFO	Listening on port 35435
1539217016125	Marionette	WARN	TLS certificate errors will be ignored for this session
1539217016254	Marionette	DEBUG	[2147483649] Frame script loaded
1539217016255	Marionette	DEBUG	[2147483649] Frame script registered
1539217018831	Marionette	DEBUG	[2147483649] Received DOM event beforeunload for about:blank
1539217019258	Marionette	DEBUG	[2147483649] Received DOM event pagehide for about:blank
1539217019906	Marionette	DEBUG	[2147483649] Received DOM event DOMContentLoaded for https://www.google.com/search?q=mumps&gws_rd=ssl
1539217020556	Marionette	DEBUG	[2147483649] Received DOM event pageshow for https://www.google.com/search?q=mumps&gws_rd=ssl
1539217020812	Marionette	DEBUG	[2147483649] Canceled page load listener because no navigation has been detected
1539217023063	Marionette	DEBUG	[2147483649] Canceled page load listener because no navigation has been detected
1539217023496	Marionette	DEBUG	[2147483649] Canceled page load listener because no navigation has been detected
1539217023900	Marionette	DEBUG	[2147483649] Canceled page load listener because no navigation has been detected
1539217024305	Marionette	DEBUG	[2147483649] Canceled page load listener because no navigation has been detected
1539217077262	mozrunner::runner	INFO	Running command: "/usr/bin/firefox" "-marionette" "--headless" "-foreground" "-no-remote" "-profile" "/tmp/rust_mozprofile.tz1LUg4wrhhj"
*** You are running in headless mode.
1539217079463	Marionette	INFO	Listening on port 43581
1539217079492	Marionette	WARN	TLS certificate errors will be ignored for this session
1539217079594	Marionette	DEBUG	[2147483649] Frame script loaded
1539217079604	Marionette	DEBUG	[2147483649] Frame script registered
1539217082006	Marionette	DEBUG	[2147483649] Received DOM event beforeunload for about:blank
1539217082640	Marionette	DEBUG	[2147483649] Received DOM event pagehide for about:blank
1539217083457	Marionette	DEBUG	[2147483649] Received DOM event DOMContentLoaded for https://www.google.com/search?q=cancer&gws_rd=ssl
1539217084266	Marionette	DEBUG	[2147483649] Received DOM event pageshow for https://www.google.com/search?q=cancer&gws_rd=ssl
1539217084345	Marionette	DEBUG	[2147483649] Received DOM event beforeunload for https://www.google.com/search?q=cancer&gws_rd=ssl
1539217084463	Marionette	DEBUG	[2147483649] Received DOM event pagehide for https://www.google.com/search?q=cancer&gws_rd=ssl
1539217084465	Marionette	DEBUG	[2147483649] Received DOM event unload for https://www.google.com/search?q=cancer&gws_rd=ssl
1539217085424	Marionette	DEBUG	[2147483649] Received DOM event DOMContentLoaded for https://www.google.com/search?q=Breast+cancer&stick=H4sIAAAAAAAAAONgFuLQz9U3KEwuMlACs7IsMlIeMTpyC7z8cU9YymLSmpPXGI24uIIz8std80oySyqFVLjYoCwpLh4puCYNBikuLjiPBwDVkS3dWgAAAA&sa=X&ved=2ahUKEwijz8C7jv3dAhXL6Y8KHfNVBIMQ0EAwG3oECAUQFA&biw=1366&bih=694
1539217086070	Marionette	DEBUG	[2147483649] Received DOM event pageshow for https://www.google.com/search?q=Breast+cancer&stick=H4sIAAAAAAAAAONgFuLQz9U3KEwuMlACs7IsMlIeMTpyC7z8cU9YymLSmpPXGI24uIIz8std80oySyqFVLjYoCwpLh4puCYNBikuLjiPBwDVkS3dWgAAAA&sa=X&ved=2ahUKEwijz8C7jv3dAhXL6Y8KHfNVBIMQ0EAwG3oECAUQFA&biw=1366&bih=694
1539217087329	Marionette	DEBUG	[2147483649] Canceled page load listener because no navigation has been detected
1539217089588	Marionette	DEBUG	[2147483649] Canceled page load listener because no navigation has been detected
1539217090070	Marionette	DEBUG	[2147483649] Canceled page load listener because no navigation has been detected
1539217090437	Marionette	DEBUG	[2147483649] Canceled page load listener because no navigation has been detected
1539217090812	Marionette	DEBUG	[2147483649] Canceled page load listener because no navigation has been detected
1539217211506	mozrunner::runner	INFO	Running command: "/usr/bin/firefox" "-marionette" "--headless" "-foreground" "-no-remote" "-profile" "/tmp/rust_mozprofile.RjHpoZfpHnIW"
*** You are running in headless mode.
1539217215719	Marionette	INFO	Listening on port 42347
1539217217141	Marionette	WARN	TLS certificate errors will be ignored for this session
1539217217865	Marionette	DEBUG	[2147483649] Frame script loaded
1539217219503	Marionette	DEBUG	[2147483649] Frame script registered
[Child 6715, Chrome_ChildThread] WARNING: pipe error (16): Connection reset by peer: file /build/firefox-IVlCbR/firefox-62.0.3+build1/ipc/chromium/src/chrome/common/ipc_channel_posix.cc, line 353
[Child 6715, Chrome_ChildThread] WARNING: pipe error: Broken pipe: file /build/firefox-IVlCbR/firefox-62.0.3+build1/ipc/chromium/src/chrome/common/ipc_channel_posix.cc, line 726
[Child 6715, Chrome_ChildThread] WARNING: pipe error: Broken pipe: file /build/firefox-IVlCbR/firefox-62.0.3+build1/ipc/chromium/src/chrome/common/ipc_channel_posix.cc, line 726
1539217246121	mozrunner::runner	INFO	Running command: "/usr/bin/firefox" "-marionette" "--headless" "-foreground" "-no-remote" "-profile" "/tmp/rust_mozprofile.lQ2ferZf725y"
*** You are running in headless mode.
1539217248800	Marionette	INFO	Listening on port 34783
1539217248841	Marionette	WARN	TLS certificate errors will be ignored for this session
1539217248935	Marionette	DEBUG	[2147483649] Frame script loaded
1539217248942	Marionette	DEBUG	[2147483649] Frame script registered
1539217252095	mozrunner::runner	INFO	Running command: "/usr/bin/firefox" "-marionette" "--headless" "-foreground" "-no-remote" "-profile" "/tmp/rust_mozprofile.cSOx0jsxyaN0"
*** You are running in headless mode.
1539217253934	Marionette	INFO	Listening on port 42745
1539217254012	Marionette	WARN	TLS certificate errors will be ignored for this session
1539217254080	Marionette	DEBUG	[2147483649] Frame script loaded
1539217254083	Marionette	DEBUG	[2147483649] Frame script registered
1539217263476	Marionette	DEBUG	[2147483649] Received DOM event beforeunload for about:blank
1539217264454	Marionette	DEBUG	[2147483649] Received DOM event pagehide for about:blank
1539217265226	Marionette	DEBUG	[2147483649] Received DOM event DOMContentLoaded for https://www.google.com/search?q=cancer&gws_rd=ssl
1539217265980	Marionette	DEBUG	[2147483649] Received DOM event pageshow for https://www.google.com/search?q=cancer&gws_rd=ssl
1539217266047	Marionette	DEBUG	[2147483649] Received DOM event beforeunload for https://www.google.com/search?q=cancer&gws_rd=ssl
1539217266175	Marionette	DEBUG	[2147483649] Received DOM event pagehide for https://www.google.com/search?q=cancer&gws_rd=ssl
1539217266180	Marionette	DEBUG	[2147483649] Received DOM event unload for https://www.google.com/search?q=cancer&gws_rd=ssl
1539217267234	Marionette	DEBUG	[2147483649] Received DOM event DOMContentLoaded for https://www.google.com/search?q=Breast+cancer&stick=H4sIAAAAAAAAAONgFuLQz9U3KEwuMlACs7IsMlIeMTpyC7z8cU9YymLSmpPXGI24uIIz8std80oySyqFVLjYoCwpLh4puCYNBikuLjiPBwDVkS3dWgAAAA&sa=X&ved=2ahUKEwjU35mSj_3dAhUW3Y8KHbzyBH0Q0EAwG3oECAUQFA&biw=1366&bih=694
1539217267571	Marionette	DEBUG	[2147483649] Received DOM event pageshow for https://www.google.com/search?q=Breast+cancer&stick=H4sIAAAAAAAAAONgFuLQz9U3KEwuMlACs7IsMlIeMTpyC7z8cU9YymLSmpPXGI24uIIz8std80oySyqFVLjYoCwpLh4puCYNBikuLjiPBwDVkS3dWgAAAA&sa=X&ved=2ahUKEwjU35mSj_3dAhUW3Y8KHbzyBH0Q0EAwG3oECAUQFA&biw=1366&bih=694
1539217268807	Marionette	DEBUG	[2147483649] Canceled page load listener because no navigation has been detected
1539217271065	Marionette	DEBUG	[2147483649] Canceled page load listener because no navigation has been detected
1539217271515	Marionette	DEBUG	[2147483649] Canceled page load listener because no navigation has been detected
1539217271898	Marionette	DEBUG	[2147483649] Canceled page load listener because no navigation has been detected
1539217272345	Marionette	DEBUG	[2147483649] Canceled page load listener because no navigation has been detected
1539217311636	mozrunner::runner	INFO	Running command: "/usr/bin/firefox" "-marionette" "--headless" "-foreground" "-no-remote" "-profile" "/tmp/rust_mozprofile.ExSN1ms5CH7m"
*** You are running in headless mode.
1539217313555	Marionette	INFO	Listening on port 43721
1539217313649	Marionette	WARN	TLS certificate errors will be ignored for this session
1539217313722	Marionette	DEBUG	[2147483649] Frame script loaded
1539217313725	Marionette	DEBUG	[2147483649] Frame script registered
1539217316061	Marionette	DEBUG	[2147483649] Received DOM event beforeunload for about:blank
1539217316646	Marionette	DEBUG	[2147483649] Received DOM event pagehide for about:blank
1539217317247	Marionette	DEBUG	[2147483649] Received DOM event DOMContentLoaded for https://www.google.com/search?q=cancer&gws_rd=ssl
1539217317997	Marionette	DEBUG	[2147483649] Received DOM event pageshow for https://www.google.com/search?q=cancer&gws_rd=ssl
1539217318056	Marionette	DEBUG	[2147483649] Received DOM event beforeunload for https://www.google.com/search?q=cancer&gws_rd=ssl
1539217318179	Marionette	DEBUG	[2147483649] Received DOM event pagehide for https://www.google.com/search?q=cancer&gws_rd=ssl
1539217318180	Marionette	DEBUG	[2147483649] Received DOM event unload for https://www.google.com/search?q=cancer&gws_rd=ssl
1539217318744	Marionette	DEBUG	[2147483649] Received DOM event DOMContentLoaded for https://www.google.com/search?q=Breast+cancer&stick=H4sIAAAAAAAAAONgFuLQz9U3KEwuMlACs7IsMlIeMTpyC7z8cU9YymLSmpPXGI24uIIz8std80oySyqFVLjYoCwpLh4puCYNBikuLjiPBwDVkS3dWgAAAA&sa=X&ved=2ahUKEwi19Imrj_3dAhUFrI8KHdsBD1gQ0EAwG3oECAYQFA&biw=1366&bih=694
1539217319383	Marionette	DEBUG	[2147483649] Received DOM event pageshow for https://www.google.com/search?q=Breast+cancer&stick=H4sIAAAAAAAAAONgFuLQz9U3KEwuMlACs7IsMlIeMTpyC7z8cU9YymLSmpPXGI24uIIz8std80oySyqFVLjYoCwpLh4puCYNBikuLjiPBwDVkS3dWgAAAA&sa=X&ved=2ahUKEwi19Imrj_3dAhUFrI8KHdsBD1gQ0EAwG3oECAYQFA&biw=1366&bih=694
1539217320615	Marionette	DEBUG	[2147483649] Canceled page load listener because no navigation has been detected
1539217322899	Marionette	DEBUG	[2147483649] Canceled page load listener because no navigation has been detected
1539217323359	Marionette	DEBUG	[2147483649] Canceled page load listener because no navigation has been detected
1539217323733	Marionette	DEBUG	[2147483649] Canceled page load listener because no navigation has been detected
1539217324118	Marionette	DEBUG	[2147483649] Canceled page load listener because no navigation has been detected
1539217500463	mozrunner::runner	INFO	Running command: "/usr/bin/firefox" "-marionette" "--headless" "-foreground" "-no-remote" "-profile" "/tmp/rust_mozprofile.46NSokAwFnG4"
*** You are running in headless mode.
1539217502477	Marionette	INFO	Listening on port 35311
1539217502573	Marionette	WARN	TLS certificate errors will be ignored for this session
1539217502658	Marionette	DEBUG	[2147483649] Frame script loaded
1539217502660	Marionette	DEBUG	[2147483649] Frame script registered
1539217634777	mozrunner::runner	INFO	Running command: "/usr/bin/firefox" "-marionette" "--headless" "-foreground" "-no-remote" "-profile" "/tmp/rust_mozprofile.J8KeyoZJ4vRC"
*** You are running in headless mode.
1539217636756	Marionette	INFO	Listening on port 36435
1539217636795	Marionette	WARN	TLS certificate errors will be ignored for this session
1539217636876	Marionette	DEBUG	[2147483649] Frame script loaded
1539217636878	Marionette	DEBUG	[2147483649] Frame script registered
