1539113769189	mozrunner::runner	INFO	Running command: "/usr/bin/firefox" "-marionette" "--headless" "-foreground" "-no-remote" "-profile" "/tmp/rust_mozprofile.OS7eRSuU2WBP"
*** You are running in headless mode.
1539113771251	Marionette	INFO	Listening on port 36083
1539113771301	Marionette	WARN	TLS certificate errors will be ignored for this session
1539113771365	Marionette	DEBUG	[2147483649] Frame script loaded
1539113771372	Marionette	DEBUG	[2147483649] Frame script registered
1539113771394	Marionette	DEBUG	[2147483649] Received DOM event beforeunload for about:blank
1539113771962	Marionette	DEBUG	[2147483649] Received DOM event pagehide for about:blank
1539113772520	Marionette	DEBUG	[2147483649] Received DOM event DOMContentLoaded for https://www.google.com/search?q=cancer&gws_rd=ssl
1539113773188	Marionette	DEBUG	[2147483649] Received DOM event pageshow for https://www.google.com/search?q=cancer&gws_rd=ssl
1539113773247	Marionette	DEBUG	[2147483649] Received DOM event beforeunload for https://www.google.com/search?q=cancer&gws_rd=ssl
1539113773362	Marionette	DEBUG	[2147483649] Received DOM event pagehide for https://www.google.com/search?q=cancer&gws_rd=ssl
1539113773364	Marionette	DEBUG	[2147483649] Received DOM event unload for https://www.google.com/search?q=cancer&gws_rd=ssl
1539113774004	Marionette	DEBUG	[2147483649] Received DOM event DOMContentLoaded for https://www.google.com/search?q=Breast+cancer&stick=H4sIAAAAAAAAAONgFuLQz9U3KEwuMlACs7IsMlIeMTpyC7z8cU9YymLSmpPXGI24uIIz8std80oySyqFVLjYoCwpLh4puCYNBikuLjiPBwDVkS3dWgAAAA&sa=X&ved=2ahUKEwjbwpHNjfrdAhUQeysKHTiwC_4Q0EAwF3oECAkQFA&biw=1366&bih=694
1539113774619	Marionette	DEBUG	[2147483649] Received DOM event pageshow for https://www.google.com/search?q=Breast+cancer&stick=H4sIAAAAAAAAAONgFuLQz9U3KEwuMlACs7IsMlIeMTpyC7z8cU9YymLSmpPXGI24uIIz8std80oySyqFVLjYoCwpLh4puCYNBikuLjiPBwDVkS3dWgAAAA&sa=X&ved=2ahUKEwjbwpHNjfrdAhUQeysKHTiwC_4Q0EAwF3oECAkQFA&biw=1366&bih=694
1539113775859	Marionette	DEBUG	[2147483649] Canceled page load listener because no navigation has been detected
1539113778114	Marionette	DEBUG	[2147483649] Canceled page load listener because no navigation has been detected
1539113778617	Marionette	DEBUG	[2147483649] Canceled page load listener because no navigation has been detected
1539113779031	Marionette	DEBUG	[2147483649] Canceled page load listener because no navigation has been detected
1539113779482	Marionette	DEBUG	[2147483649] Canceled page load listener because no navigation has been detected
[Child 3760, Chrome_ChildThread] WARNING: pipe error (16): Connection reset by peer: file /build/firefox-IVlCbR/firefox-62.0.3+build1/ipc/chromium/src/chrome/common/ipc_channel_posix.cc, line 353
[Child 3760, Chrome_ChildThread] WARNING: pipe error (3): Connection reset by peer: file /build/firefox-IVlCbR/firefox-62.0.3+build1/ipc/chromium/src/chrome/common/ipc_channel_posix.cc, line 353
1539114348556	mozrunner::runner	INFO	Running command: "/usr/bin/firefox" "-marionette" "--headless" "-foreground" "-no-remote" "-profile" "/tmp/rust_mozprofile.QHiiEnx9JEYd"
*** You are running in headless mode.
1539114350671	Marionette	INFO	Listening on port 35321
1539114350784	Marionette	WARN	TLS certificate errors will be ignored for this session
1539114350876	Marionette	DEBUG	[2147483649] Frame script loaded
1539114350878	Marionette	DEBUG	[2147483649] Frame script registered
1539114350903	Marionette	DEBUG	[2147483649] Received DOM event beforeunload for about:blank
1539114351320	Marionette	DEBUG	[2147483649] Received DOM event pagehide for about:blank
1539114351911	Marionette	DEBUG	[2147483649] Received DOM event DOMContentLoaded for https://www.google.com/search?q=malaria&gws_rd=ssl
1539114352591	Marionette	DEBUG	[2147483649] Received DOM event pageshow for https://www.google.com/search?q=malaria&gws_rd=ssl
1539114352852	Marionette	DEBUG	[2147483649] Canceled page load listener because no navigation has been detected
1539114355110	Marionette	DEBUG	[2147483649] Canceled page load listener because no navigation has been detected
1539114355496	Marionette	DEBUG	[2147483649] Canceled page load listener because no navigation has been detected
1539114355673	Marionette	INFO	Stopped listening on port 35321
1539114356418	mozrunner::runner	INFO	Running command: "/usr/bin/firefox" "-marionette" "--headless" "-foreground" "-no-remote" "-profile" "/tmp/rust_mozprofile.Nke6z1bZcNaa"
*** You are running in headless mode.
1539114358402	Marionette	INFO	Listening on port 37685
1539114358432	Marionette	WARN	TLS certificate errors will be ignored for this session
1539114358528	Marionette	DEBUG	[2147483649] Frame script loaded
1539114358530	Marionette	DEBUG	[2147483649] Frame script registered
1539114358583	Marionette	DEBUG	[2147483649] Received DOM event beforeunload for about:blank
1539114358976	Marionette	DEBUG	[2147483649] Received DOM event pagehide for about:blank
1539114359501	Marionette	DEBUG	[2147483649] Received DOM event DOMContentLoaded for https://www.google.com/search?q=malaria&gws_rd=ssl
1539114360197	Marionette	DEBUG	[2147483649] Received DOM event pageshow for https://www.google.com/search?q=malaria&gws_rd=ssl
1539114360458	Marionette	DEBUG	[2147483649] Canceled page load listener because no navigation has been detected
1539114362714	Marionette	DEBUG	[2147483649] Canceled page load listener because no navigation has been detected
1539114363082	Marionette	DEBUG	[2147483649] Canceled page load listener because no navigation has been detected
1539114363212	Marionette	INFO	Stopped listening on port 37685
1539114471823	mozrunner::runner	INFO	Running command: "/usr/bin/firefox" "-marionette" "--headless" "-foreground" "-no-remote" "-profile" "/tmp/rust_mozprofile.5prVUqWxvLoY"
*** You are running in headless mode.
1539114473803	Marionette	INFO	Listening on port 44231
1539114473852	Marionette	WARN	TLS certificate errors will be ignored for this session
1539114473944	Marionette	DEBUG	[2147483649] Frame script loaded
1539114473962	Marionette	DEBUG	[2147483649] Frame script registered
1539114474001	Marionette	DEBUG	[2147483649] Received DOM event beforeunload for about:blank
1539114474422	Marionette	DEBUG	[2147483649] Received DOM event pagehide for about:blank
1539114474963	Marionette	DEBUG	[2147483649] Received DOM event DOMContentLoaded for https://www.google.com/search?q=malaria&gws_rd=ssl
1539114475646	Marionette	DEBUG	[2147483649] Received DOM event pageshow for https://www.google.com/search?q=malaria&gws_rd=ssl
1539114475903	Marionette	DEBUG	[2147483649] Canceled page load listener because no navigation has been detected
1539114478157	Marionette	DEBUG	[2147483649] Canceled page load listener because no navigation has been detected
1539114478557	Marionette	DEBUG	[2147483649] Canceled page load listener because no navigation has been detected
1539114478733	Marionette	INFO	Stopped listening on port 44231
1539114480481	mozrunner::runner	INFO	Running command: "/usr/bin/firefox" "-marionette" "--headless" "-foreground" "-no-remote" "-profile" "/tmp/rust_mozprofile.p9IvU7bWIs5L"
*** You are running in headless mode.
1539114482639	Marionette	INFO	Listening on port 39267
1539114482694	Marionette	WARN	TLS certificate errors will be ignored for this session
1539114482786	Marionette	DEBUG	[2147483649] Frame script loaded
1539114482789	Marionette	DEBUG	[2147483649] Frame script registered
1539114482829	Marionette	DEBUG	[2147483649] Received DOM event beforeunload for about:blank
1539114483232	Marionette	DEBUG	[2147483649] Received DOM event pagehide for about:blank
1539114483678	Marionette	DEBUG	[2147483649] Received DOM event DOMContentLoaded for https://www.google.com/search?q=malaria&gws_rd=ssl
1539114484370	Marionette	DEBUG	[2147483649] Received DOM event pageshow for https://www.google.com/search?q=malaria&gws_rd=ssl
1539114484638	Marionette	DEBUG	[2147483649] Canceled page load listener because no navigation has been detected
1539114486896	Marionette	DEBUG	[2147483649] Canceled page load listener because no navigation has been detected
1539114487268	Marionette	DEBUG	[2147483649] Canceled page load listener because no navigation has been detected
1539114487409	Marionette	INFO	Stopped listening on port 39267
1539114716248	mozrunner::runner	INFO	Running command: "/usr/bin/firefox" "-marionette" "--headless" "-foreground" "-no-remote" "-profile" "/tmp/rust_mozprofile.pvtwQd1NJKWT"
*** You are running in headless mode.
1539114718126	Marionette	INFO	Listening on port 34993
1539114718187	Marionette	WARN	TLS certificate errors will be ignored for this session
1539114718283	Marionette	DEBUG	[2147483649] Frame script loaded
1539114718302	Marionette	DEBUG	[2147483649] Frame script registered
1539114718354	Marionette	DEBUG	[2147483649] Received DOM event beforeunload for about:blank
1539114718877	Marionette	DEBUG	[2147483649] Received DOM event pagehide for about:blank
1539114719558	Marionette	DEBUG	[2147483649] Received DOM event DOMContentLoaded for https://www.google.com/search?q=malaria&gws_rd=ssl
1539114720253	Marionette	DEBUG	[2147483649] Received DOM event pageshow for https://www.google.com/search?q=malaria&gws_rd=ssl
1539114720516	Marionette	DEBUG	[2147483649] Canceled page load listener because no navigation has been detected
1539114722761	Marionette	DEBUG	[2147483649] Canceled page load listener because no navigation has been detected
1539114723151	Marionette	DEBUG	[2147483649] Canceled page load listener because no navigation has been detected
1539114723335	Marionette	INFO	Stopped listening on port 34993
1539114821448	mozrunner::runner	INFO	Running command: "/usr/bin/firefox" "-marionette" "--headless" "-foreground" "-no-remote" "-profile" "/tmp/rust_mozprofile.PZ0HJmUR06FB"
*** You are running in headless mode.
1539114823440	Marionette	INFO	Listening on port 43589
1539114823477	Marionette	WARN	TLS certificate errors will be ignored for this session
1539114823582	Marionette	DEBUG	[2147483649] Frame script loaded
1539114823592	Marionette	DEBUG	[2147483649] Frame script registered
1539114826585	Marionette	DEBUG	[2147483649] Received DOM event beforeunload for about:blank
1539114827111	Marionette	DEBUG	[2147483649] Received DOM event pagehide for about:blank
1539114827650	Marionette	DEBUG	[2147483649] Received DOM event DOMContentLoaded for https://www.google.com/search?q=malaria&gws_rd=ssl
1539114828305	Marionette	DEBUG	[2147483649] Received DOM event pageshow for https://www.google.com/search?q=malaria&gws_rd=ssl
1539114828563	Marionette	DEBUG	[2147483649] Canceled page load listener because no navigation has been detected
1539114830815	Marionette	DEBUG	[2147483649] Canceled page load listener because no navigation has been detected
1539114831282	Marionette	DEBUG	[2147483649] Canceled page load listener because no navigation has been detected
1539114831446	Marionette	INFO	Stopped listening on port 43589
1539114933198	mozrunner::runner	INFO	Running command: "/usr/bin/firefox" "-marionette" "--headless" "-foreground" "-no-remote" "-profile" "/tmp/rust_mozprofile.RmXnW8AI91Me"
*** You are running in headless mode.
1539114935301	Marionette	INFO	Listening on port 40159
1539114935317	Marionette	WARN	TLS certificate errors will be ignored for this session
1539114935422	Marionette	DEBUG	[2147483649] Frame script loaded
1539114935425	Marionette	DEBUG	[2147483649] Frame script registered
1539114943420	Marionette	DEBUG	[2147483649] Received DOM event beforeunload for about:blank
1539114943793	Marionette	DEBUG	[2147483649] Received DOM event pagehide for about:blank
1539114944433	Marionette	DEBUG	[2147483649] Received DOM event DOMContentLoaded for https://www.google.com/search?q=cancer&gws_rd=ssl
1539114945149	Marionette	DEBUG	[2147483649] Received DOM event pageshow for https://www.google.com/search?q=cancer&gws_rd=ssl
1539114945230	Marionette	DEBUG	[2147483649] Received DOM event beforeunload for https://www.google.com/search?q=cancer&gws_rd=ssl
1539114945340	Marionette	DEBUG	[2147483649] Received DOM event pagehide for https://www.google.com/search?q=cancer&gws_rd=ssl
1539114945343	Marionette	DEBUG	[2147483649] Received DOM event unload for https://www.google.com/search?q=cancer&gws_rd=ssl
1539114946036	Marionette	DEBUG	[2147483649] Received DOM event DOMContentLoaded for https://www.google.com/search?q=Breast+cancer&stick=H4sIAAAAAAAAAONgFuLQz9U3KEwuMlACs7IsMlIeMTpyC7z8cU9YymLSmpPXGI24uIIz8std80oySyqFVLjYoCwpLh4puCYNBikuLjiPBwDVkS3dWgAAAA&sa=X&ved=2ahUKEwiP1vT7kfrdAhWUaCsKHcvyBcUQ0EAwF3oECAgQFA&biw=1366&bih=694
1539114946625	Marionette	DEBUG	[2147483649] Received DOM event pageshow for https://www.google.com/search?q=Breast+cancer&stick=H4sIAAAAAAAAAONgFuLQz9U3KEwuMlACs7IsMlIeMTpyC7z8cU9YymLSmpPXGI24uIIz8std80oySyqFVLjYoCwpLh4puCYNBikuLjiPBwDVkS3dWgAAAA&sa=X&ved=2ahUKEwiP1vT7kfrdAhWUaCsKHcvyBcUQ0EAwF3oECAgQFA&biw=1366&bih=694
1539114947929	Marionette	DEBUG	[2147483649] Canceled page load listener because no navigation has been detected
1539114950191	Marionette	DEBUG	[2147483649] Canceled page load listener because no navigation has been detected
1539114950641	Marionette	DEBUG	[2147483649] Canceled page load listener because no navigation has been detected
1539114951006	Marionette	DEBUG	[2147483649] Canceled page load listener because no navigation has been detected
1539114951394	Marionette	DEBUG	[2147483649] Canceled page load listener because no navigation has been detected
1539114951578	Marionette	INFO	Stopped listening on port 40159
1539115037044	mozrunner::runner	INFO	Running command: "/usr/bin/firefox" "-marionette" "--headless" "-foreground" "-no-remote" "-profile" "/tmp/rust_mozprofile.vGyTnvo6eJEd"
*** You are running in headless mode.
1539115039289	Marionette	INFO	Listening on port 41643
1539115039354	Marionette	WARN	TLS certificate errors will be ignored for this session
1539115039421	Marionette	DEBUG	[2147483649] Frame script loaded
1539115039423	Marionette	DEBUG	[2147483649] Frame script registered
1539115097613	mozrunner::runner	INFO	Running command: "/usr/bin/firefox" "-marionette" "--headless" "-foreground" "-no-remote" "-profile" "/tmp/rust_mozprofile.MH92u6ToiSmf"
*** You are running in headless mode.
1539115099850	Marionette	INFO	Listening on port 40469
1539115099925	Marionette	WARN	TLS certificate errors will be ignored for this session
1539115100019	Marionette	DEBUG	[2147483649] Frame script loaded
1539115100063	Marionette	DEBUG	[2147483649] Frame script registered
1539115109070	Marionette	DEBUG	[2147483649] Received DOM event beforeunload for about:blank
1539115109428	Marionette	DEBUG	[2147483649] Received DOM event pagehide for about:blank
1539115110132	Marionette	DEBUG	[2147483649] Received DOM event DOMContentLoaded for https://www.google.com/search?q=aids&gws_rd=ssl
1539115111108	Marionette	DEBUG	[2147483649] Received DOM event pageshow for https://www.google.com/search?q=aids&gws_rd=ssl
1539115111394	Marionette	DEBUG	[2147483649] Canceled page load listener because no navigation has been detected
1539115113659	Marionette	DEBUG	[2147483649] Canceled page load listener because no navigation has been detected
1539115114041	Marionette	DEBUG	[2147483649] Canceled page load listener because no navigation has been detected
1539115114204	Marionette	INFO	Stopped listening on port 40469
1539115387328	mozrunner::runner	INFO	Running command: "/usr/bin/firefox" "-marionette" "--headless" "-foreground" "-no-remote" "-profile" "/tmp/rust_mozprofile.iQUNDwHUufim"
*** You are running in headless mode.
1539115389409	Marionette	INFO	Listening on port 42531
1539115389444	Marionette	WARN	TLS certificate errors will be ignored for this session
1539115389525	Marionette	DEBUG	[2147483649] Frame script loaded
1539115389527	Marionette	DEBUG	[2147483649] Frame script registered
1539115399022	Marionette	DEBUG	[2147483649] Received DOM event beforeunload for about:blank
1539115399798	Marionette	DEBUG	[2147483649] Received DOM event pagehide for about:blank
1539115400607	Marionette	DEBUG	[2147483649] Received DOM event DOMContentLoaded for https://www.google.com/search?q=cancer&gws_rd=ssl
1539115401495	Marionette	DEBUG	[2147483649] Received DOM event pageshow for https://www.google.com/search?q=cancer&gws_rd=ssl
1539115401576	Marionette	DEBUG	[2147483649] Received DOM event beforeunload for https://www.google.com/search?q=cancer&gws_rd=ssl
1539115401704	Marionette	DEBUG	[2147483649] Received DOM event pagehide for https://www.google.com/search?q=cancer&gws_rd=ssl
1539115401708	Marionette	DEBUG	[2147483649] Received DOM event unload for https://www.google.com/search?q=cancer&gws_rd=ssl
1539115402731	Marionette	DEBUG	[2147483649] Received DOM event DOMContentLoaded for https://www.google.com/search?q=Breast+cancer&stick=H4sIAAAAAAAAAONgFuLQz9U3KEwuMlACs7IsMlIeMTpyC7z8cU9YymLSmpPXGI24uIIz8std80oySyqFVLjYoCwpLh4puCYNBikuLjiPBwDVkS3dWgAAAA&sa=X&ved=2ahUKEwjD4KvVk_rdAhVLMY8KHe0eAqEQ0EAwG3oECAcQFA&biw=1366&bih=694
1539115403387	Marionette	DEBUG	[2147483649] Received DOM event pageshow for https://www.google.com/search?q=Breast+cancer&stick=H4sIAAAAAAAAAONgFuLQz9U3KEwuMlACs7IsMlIeMTpyC7z8cU9YymLSmpPXGI24uIIz8std80oySyqFVLjYoCwpLh4puCYNBikuLjiPBwDVkS3dWgAAAA&sa=X&ved=2ahUKEwjD4KvVk_rdAhVLMY8KHe0eAqEQ0EAwG3oECAcQFA&biw=1366&bih=694
1539115404622	Marionette	DEBUG	[2147483649] Canceled page load listener because no navigation has been detected
1539115406880	Marionette	DEBUG	[2147483649] Canceled page load listener because no navigation has been detected
1539115407344	Marionette	DEBUG	[2147483649] Canceled page load listener because no navigation has been detected
1539115407695	Marionette	DEBUG	[2147483649] Canceled page load listener because no navigation has been detected
1539115408119	Marionette	DEBUG	[2147483649] Canceled page load listener because no navigation has been detected
1539115413817	Marionette	DEBUG	[2147483649] Received DOM event beforeunload for https://www.google.com/search?q=Breast+cancer&stick=H4sIAAAAAAAAAONgFuLQz9U3KEwuMlACs7IsMlIeMTpyC7z8cU9YymLSmpPXGI24uIIz8std80oySyqFVLjYoCwpLh4puCYNBikuLjiPBwDVkS3dWgAAAA&sa=X&ved=2ahUKEwjD4KvVk_rdAhVLMY8KHe0eAqEQ0EAwG3oECAcQFA&biw=1366&bih=694
1539115413996	Marionette	DEBUG	[2147483649] Received DOM event pagehide for https://www.google.com/search?q=Breast+cancer&stick=H4sIAAAAAAAAAONgFuLQz9U3KEwuMlACs7IsMlIeMTpyC7z8cU9YymLSmpPXGI24uIIz8std80oySyqFVLjYoCwpLh4puCYNBikuLjiPBwDVkS3dWgAAAA&sa=X&ved=2ahUKEwjD4KvVk_rdAhVLMY8KHe0eAqEQ0EAwG3oECAcQFA&biw=1366&bih=694
1539115413998	Marionette	DEBUG	[2147483649] Received DOM event unload for https://www.google.com/search?q=Breast+cancer&stick=H4sIAAAAAAAAAONgFuLQz9U3KEwuMlACs7IsMlIeMTpyC7z8cU9YymLSmpPXGI24uIIz8std80oySyqFVLjYoCwpLh4puCYNBikuLjiPBwDVkS3dWgAAAA&sa=X&ved=2ahUKEwjD4KvVk_rdAhVLMY8KHe0eAqEQ0EAwG3oECAcQFA&biw=1366&bih=694
1539115414746	Marionette	DEBUG	[2147483649] Received DOM event DOMContentLoaded for https://www.google.com/search?q=aids
1539115415489	Marionette	DEBUG	[2147483649] Received DOM event pageshow for https://www.google.com/search?q=aids
1539115415751	Marionette	DEBUG	[2147483649] Canceled page load listener because no navigation has been detected
1539115418013	Marionette	DEBUG	[2147483649] Canceled page load listener because no navigation has been detected
1539115418396	Marionette	DEBUG	[2147483649] Canceled page load listener because no navigation has been detected
1539115424455	Marionette	DEBUG	[2147483649] Received DOM event beforeunload for https://www.google.com/search?q=aids
1539115424638	Marionette	DEBUG	[2147483649] Received DOM event pagehide for https://www.google.com/search?q=aids
1539115424641	Marionette	DEBUG	[2147483649] Received DOM event unload for https://www.google.com/search?q=aids
1539115425414	Marionette	DEBUG	[2147483649] Received DOM event DOMContentLoaded for https://www.google.com/search?q=mumps
1539115426041	Marionette	DEBUG	[2147483649] Received DOM event pageshow for https://www.google.com/search?q=mumps
1539115426321	Marionette	DEBUG	[2147483649] Canceled page load listener because no navigation has been detected
1539115428599	Marionette	DEBUG	[2147483649] Canceled page load listener because no navigation has been detected
1539115428949	Marionette	DEBUG	[2147483649] Canceled page load listener because no navigation has been detected
1539115429300	Marionette	DEBUG	[2147483649] Canceled page load listener because no navigation has been detected
1539115429662	Marionette	DEBUG	[2147483649] Canceled page load listener because no navigation has been detected
1539115442126	Marionette	DEBUG	[2147483649] Received DOM event beforeunload for https://www.google.com/search?q=mumps
1539115442321	Marionette	DEBUG	[2147483649] Received DOM event pagehide for https://www.google.com/search?q=mumps
1539115442325	Marionette	DEBUG	[2147483649] Received DOM event unload for https://www.google.com/search?q=mumps
1539115442899	Marionette	DEBUG	[2147483649] Received DOM event DOMContentLoaded for https://www.google.com/search?q=vitiligo
1539115443502	Marionette	DEBUG	[2147483649] Received DOM event pageshow for https://www.google.com/search?q=vitiligo
1539115443756	Marionette	DEBUG	[2147483649] Canceled page load listener because no navigation has been detected
1539115446015	Marionette	DEBUG	[2147483649] Canceled page load listener because no navigation has been detected
1539115446434	Marionette	DEBUG	[2147483649] Canceled page load listener because no navigation has been detected
1539115446765	Marionette	DEBUG	[2147483649] Canceled page load listener because no navigation has been detected
1539115447115	Marionette	DEBUG	[2147483649] Canceled page load listener because no navigation has been detected
1539115773400	mozrunner::runner	INFO	Running command: "/usr/bin/firefox" "-marionette" "--headless" "-foreground" "-no-remote" "-profile" "/tmp/rust_mozprofile.nUNdmrUfU76d"
*** You are running in headless mode.
1539115775500	Marionette	INFO	Listening on port 43619
1539115775518	Marionette	WARN	TLS certificate errors will be ignored for this session
1539115775593	Marionette	DEBUG	[2147483649] Frame script loaded
1539115775603	Marionette	DEBUG	[2147483649] Frame script registered
1539115839790	Marionette	DEBUG	[2147483649] Received DOM event beforeunload for about:blank
1539115840301	Marionette	DEBUG	[2147483649] Received DOM event pagehide for about:blank
1539115840966	Marionette	DEBUG	[2147483649] Received DOM event DOMContentLoaded for https://www.google.com/search?q=aids&gws_rd=ssl
1539115841731	Marionette	DEBUG	[2147483649] Received DOM event pageshow for https://www.google.com/search?q=aids&gws_rd=ssl
1539115841992	Marionette	DEBUG	[2147483649] Canceled page load listener because no navigation has been detected
1539115844254	Marionette	DEBUG	[2147483649] Canceled page load listener because no navigation has been detected
1539115844643	Marionette	DEBUG	[2147483649] Canceled page load listener because no navigation has been detected
